[2022-07-13 14:10:00,799] {taskinstance.py:1032} INFO - Dependencies all met for <TaskInstance: data_ingestion_gcs_project_dag-12.format_to_parquet_task scheduled__2022-07-12T00:00:00+00:00 [queued]>
[2022-07-13 14:10:00,817] {taskinstance.py:1032} INFO - Dependencies all met for <TaskInstance: data_ingestion_gcs_project_dag-12.format_to_parquet_task scheduled__2022-07-12T00:00:00+00:00 [queued]>
[2022-07-13 14:10:00,817] {taskinstance.py:1238} INFO - 
--------------------------------------------------------------------------------
[2022-07-13 14:10:00,817] {taskinstance.py:1239} INFO - Starting attempt 11 of 11
[2022-07-13 14:10:00,818] {taskinstance.py:1240} INFO - 
--------------------------------------------------------------------------------
[2022-07-13 14:10:00,836] {taskinstance.py:1259} INFO - Executing <Task(PythonOperator): format_to_parquet_task> on 2022-07-12 00:00:00+00:00
[2022-07-13 14:10:00,843] {standard_task_runner.py:52} INFO - Started process 4792 to run task
[2022-07-13 14:10:00,852] {standard_task_runner.py:76} INFO - Running: ['***', 'tasks', 'run', 'data_ingestion_gcs_project_dag-12', 'format_to_parquet_task', 'scheduled__2022-07-12T00:00:00+00:00', '--job-id', '29', '--raw', '--subdir', 'DAGS_FOLDER/upload_to_gcs.py', '--cfg-path', '/tmp/tmp_q6e9o61', '--error-file', '/tmp/tmpg_qm63o7']
[2022-07-13 14:10:00,854] {standard_task_runner.py:77} INFO - Job 29: Subtask format_to_parquet_task
[2022-07-13 14:10:01,001] {logging_mixin.py:109} INFO - Running <TaskInstance: data_ingestion_gcs_project_dag-12.format_to_parquet_task scheduled__2022-07-12T00:00:00+00:00 [running]> on host 1baccf4ebc57
[2022-07-13 14:10:01,172] {taskinstance.py:1426} INFO - Exporting the following env vars:
AIRFLOW_CTX_DAG_OWNER=***
AIRFLOW_CTX_DAG_ID=data_ingestion_gcs_project_dag-12
AIRFLOW_CTX_TASK_ID=format_to_parquet_task
AIRFLOW_CTX_EXECUTION_DATE=2022-07-12T00:00:00+00:00
AIRFLOW_CTX_DAG_RUN_ID=scheduled__2022-07-12T00:00:00+00:00
[2022-07-13 14:10:01,176] {logging_mixin.py:109} INFO - /opt/***/hm-land-registry/price_paid_records.csv
[2022-07-13 14:10:14,244] {local_task_job.py:154} INFO - Task exited with return code Negsignal.SIGKILL
[2022-07-13 14:10:14,705] {taskinstance.py:1277} INFO - Marking task as FAILED. dag_id=data_ingestion_gcs_project_dag-12, task_id=format_to_parquet_task, execution_date=20220712T000000, start_date=20220713T141000, end_date=20220713T141014
[2022-07-13 14:10:14,870] {local_task_job.py:264} INFO - 0 downstream tasks scheduled from follow-on schedule check
