[2022-07-13 14:15:55,948] {taskinstance.py:1032} INFO - Dependencies all met for <TaskInstance: data_ingestion_gcs_project_dag-12.format_to_parquet_task scheduled__2022-07-12T00:00:00+00:00 [queued]>
[2022-07-13 14:15:55,983] {taskinstance.py:1032} INFO - Dependencies all met for <TaskInstance: data_ingestion_gcs_project_dag-12.format_to_parquet_task scheduled__2022-07-12T00:00:00+00:00 [queued]>
[2022-07-13 14:15:55,984] {taskinstance.py:1238} INFO - 
--------------------------------------------------------------------------------
[2022-07-13 14:15:55,985] {taskinstance.py:1239} INFO - Starting attempt 13 of 13
[2022-07-13 14:15:55,985] {taskinstance.py:1240} INFO - 
--------------------------------------------------------------------------------
[2022-07-13 14:15:56,013] {taskinstance.py:1259} INFO - Executing <Task(PythonOperator): format_to_parquet_task> on 2022-07-12 00:00:00+00:00
[2022-07-13 14:15:56,052] {standard_task_runner.py:52} INFO - Started process 5029 to run task
[2022-07-13 14:15:56,070] {standard_task_runner.py:76} INFO - Running: ['***', 'tasks', 'run', 'data_ingestion_gcs_project_dag-12', 'format_to_parquet_task', 'scheduled__2022-07-12T00:00:00+00:00', '--job-id', '31', '--raw', '--subdir', 'DAGS_FOLDER/upload_to_gcs.py', '--cfg-path', '/tmp/tmp58wqfxle', '--error-file', '/tmp/tmpt308t84p']
[2022-07-13 14:15:56,081] {standard_task_runner.py:77} INFO - Job 31: Subtask format_to_parquet_task
[2022-07-13 14:15:56,260] {logging_mixin.py:109} INFO - Running <TaskInstance: data_ingestion_gcs_project_dag-12.format_to_parquet_task scheduled__2022-07-12T00:00:00+00:00 [running]> on host 1baccf4ebc57
[2022-07-13 14:15:56,352] {taskinstance.py:1426} INFO - Exporting the following env vars:
AIRFLOW_CTX_DAG_OWNER=***
AIRFLOW_CTX_DAG_ID=data_ingestion_gcs_project_dag-12
AIRFLOW_CTX_TASK_ID=format_to_parquet_task
AIRFLOW_CTX_EXECUTION_DATE=2022-07-12T00:00:00+00:00
AIRFLOW_CTX_DAG_RUN_ID=scheduled__2022-07-12T00:00:00+00:00
[2022-07-13 14:15:56,361] {logging_mixin.py:109} INFO - /opt/***/hm-land-registry/price_paid_records.csv
[2022-07-13 14:16:02,564] {local_task_job.py:154} INFO - Task exited with return code Negsignal.SIGKILL
[2022-07-13 14:16:02,623] {taskinstance.py:1277} INFO - Marking task as FAILED. dag_id=data_ingestion_gcs_project_dag-12, task_id=format_to_parquet_task, execution_date=20220712T000000, start_date=20220713T141555, end_date=20220713T141602
[2022-07-13 14:16:02,701] {local_task_job.py:264} INFO - 0 downstream tasks scheduled from follow-on schedule check
