[2022-07-13 14:21:23,697] {taskinstance.py:1032} INFO - Dependencies all met for <TaskInstance: data_ingestion_gcs_project_dag-12.format_to_parquet_task scheduled__2022-07-12T00:00:00+00:00 [queued]>
[2022-07-13 14:21:23,708] {taskinstance.py:1032} INFO - Dependencies all met for <TaskInstance: data_ingestion_gcs_project_dag-12.format_to_parquet_task scheduled__2022-07-12T00:00:00+00:00 [queued]>
[2022-07-13 14:21:23,709] {taskinstance.py:1238} INFO - 
--------------------------------------------------------------------------------
[2022-07-13 14:21:23,709] {taskinstance.py:1239} INFO - Starting attempt 14 of 15
[2022-07-13 14:21:23,709] {taskinstance.py:1240} INFO - 
--------------------------------------------------------------------------------
[2022-07-13 14:21:23,724] {taskinstance.py:1259} INFO - Executing <Task(PythonOperator): format_to_parquet_task> on 2022-07-12 00:00:00+00:00
[2022-07-13 14:21:23,730] {standard_task_runner.py:52} INFO - Started process 5247 to run task
[2022-07-13 14:21:23,740] {standard_task_runner.py:76} INFO - Running: ['***', 'tasks', 'run', 'data_ingestion_gcs_project_dag-12', 'format_to_parquet_task', 'scheduled__2022-07-12T00:00:00+00:00', '--job-id', '32', '--raw', '--subdir', 'DAGS_FOLDER/upload_to_gcs.py', '--cfg-path', '/tmp/tmpf9og67gu', '--error-file', '/tmp/tmpcqe_en6y']
[2022-07-13 14:21:23,741] {standard_task_runner.py:77} INFO - Job 32: Subtask format_to_parquet_task
[2022-07-13 14:21:23,819] {logging_mixin.py:109} INFO - Running <TaskInstance: data_ingestion_gcs_project_dag-12.format_to_parquet_task scheduled__2022-07-12T00:00:00+00:00 [running]> on host 1baccf4ebc57
[2022-07-13 14:21:23,902] {taskinstance.py:1426} INFO - Exporting the following env vars:
AIRFLOW_CTX_DAG_OWNER=***
AIRFLOW_CTX_DAG_ID=data_ingestion_gcs_project_dag-12
AIRFLOW_CTX_TASK_ID=format_to_parquet_task
AIRFLOW_CTX_EXECUTION_DATE=2022-07-12T00:00:00+00:00
AIRFLOW_CTX_DAG_RUN_ID=scheduled__2022-07-12T00:00:00+00:00
[2022-07-13 14:21:23,903] {logging_mixin.py:109} INFO - /opt/***/hm-land-registry/price_paid_records.csv
[2022-07-13 14:21:55,268] {local_task_job.py:154} INFO - Task exited with return code Negsignal.SIGKILL
[2022-07-13 14:21:55,501] {taskinstance.py:1277} INFO - Marking task as UP_FOR_RETRY. dag_id=data_ingestion_gcs_project_dag-12, task_id=format_to_parquet_task, execution_date=20220712T000000, start_date=20220713T142123, end_date=20220713T142155
[2022-07-13 14:21:55,752] {local_task_job.py:264} INFO - 0 downstream tasks scheduled from follow-on schedule check
