[2022-07-13 20:55:08,704] {taskinstance.py:1032} INFO - Dependencies all met for <TaskInstance: data_ingestion_gcs_project_dag-12.format_to_parquet_task scheduled__2022-07-12T00:00:00+00:00 [queued]>
[2022-07-13 20:55:08,719] {taskinstance.py:1032} INFO - Dependencies all met for <TaskInstance: data_ingestion_gcs_project_dag-12.format_to_parquet_task scheduled__2022-07-12T00:00:00+00:00 [queued]>
[2022-07-13 20:55:08,720] {taskinstance.py:1238} INFO - 
--------------------------------------------------------------------------------
[2022-07-13 20:55:08,720] {taskinstance.py:1239} INFO - Starting attempt 19 of 20
[2022-07-13 20:55:08,720] {taskinstance.py:1240} INFO - 
--------------------------------------------------------------------------------
[2022-07-13 20:55:08,733] {taskinstance.py:1259} INFO - Executing <Task(PythonOperator): format_to_parquet_task> on 2022-07-12 00:00:00+00:00
[2022-07-13 20:55:08,739] {standard_task_runner.py:52} INFO - Started process 1138 to run task
[2022-07-13 20:55:08,748] {standard_task_runner.py:76} INFO - Running: ['***', 'tasks', 'run', 'data_ingestion_gcs_project_dag-12', 'format_to_parquet_task', 'scheduled__2022-07-12T00:00:00+00:00', '--job-id', '115', '--raw', '--subdir', 'DAGS_FOLDER/upload_to_gcs.py', '--cfg-path', '/tmp/tmpann1u8qm', '--error-file', '/tmp/tmpn11oxsiw']
[2022-07-13 20:55:08,749] {standard_task_runner.py:77} INFO - Job 115: Subtask format_to_parquet_task
[2022-07-13 20:55:08,829] {logging_mixin.py:109} INFO - Running <TaskInstance: data_ingestion_gcs_project_dag-12.format_to_parquet_task scheduled__2022-07-12T00:00:00+00:00 [running]> on host 1baccf4ebc57
[2022-07-13 20:55:08,910] {taskinstance.py:1426} INFO - Exporting the following env vars:
AIRFLOW_CTX_DAG_OWNER=***
AIRFLOW_CTX_DAG_ID=data_ingestion_gcs_project_dag-12
AIRFLOW_CTX_TASK_ID=format_to_parquet_task
AIRFLOW_CTX_EXECUTION_DATE=2022-07-12T00:00:00+00:00
AIRFLOW_CTX_DAG_RUN_ID=scheduled__2022-07-12T00:00:00+00:00
[2022-07-13 20:55:08,911] {logging_mixin.py:109} INFO - /opt/***/mysarahmadbhat/Airbnb Data
[2022-07-13 20:55:08,911] {upload_to_gcs.py:46} ERROR - Can only accept source files in CSV format or .csv.zip, for the moment
[2022-07-13 20:55:08,912] {python.py:175} INFO - Done. Returned value was: None
[2022-07-13 20:55:08,929] {taskinstance.py:1277} INFO - Marking task as SUCCESS. dag_id=data_ingestion_gcs_project_dag-12, task_id=format_to_parquet_task, execution_date=20220712T000000, start_date=20220713T205508, end_date=20220713T205508
[2022-07-13 20:55:08,962] {local_task_job.py:154} INFO - Task exited with return code 0
[2022-07-13 20:55:09,017] {local_task_job.py:264} INFO - 1 downstream tasks scheduled from follow-on schedule check
