[2022-07-13 22:31:38,152] {taskinstance.py:1032} INFO - Dependencies all met for <TaskInstance: data_ingestion_gcs_project_dag-12.format_to_parquet_task scheduled__2022-07-12T00:00:00+00:00 [queued]>
[2022-07-13 22:31:38,164] {taskinstance.py:1032} INFO - Dependencies all met for <TaskInstance: data_ingestion_gcs_project_dag-12.format_to_parquet_task scheduled__2022-07-12T00:00:00+00:00 [queued]>
[2022-07-13 22:31:38,164] {taskinstance.py:1238} INFO - 
--------------------------------------------------------------------------------
[2022-07-13 22:31:38,164] {taskinstance.py:1239} INFO - Starting attempt 29 of 32
[2022-07-13 22:31:38,164] {taskinstance.py:1240} INFO - 
--------------------------------------------------------------------------------
[2022-07-13 22:31:38,180] {taskinstance.py:1259} INFO - Executing <Task(PythonOperator): format_to_parquet_task> on 2022-07-12 00:00:00+00:00
[2022-07-13 22:31:38,186] {standard_task_runner.py:52} INFO - Started process 443 to run task
[2022-07-13 22:31:38,196] {standard_task_runner.py:76} INFO - Running: ['***', 'tasks', 'run', 'data_ingestion_gcs_project_dag-12', 'format_to_parquet_task', 'scheduled__2022-07-12T00:00:00+00:00', '--job-id', '136', '--raw', '--subdir', 'DAGS_FOLDER/upload_to_gcs.py', '--cfg-path', '/tmp/tmpata38g42', '--error-file', '/tmp/tmpgal_ykmq']
[2022-07-13 22:31:38,197] {standard_task_runner.py:77} INFO - Job 136: Subtask format_to_parquet_task
[2022-07-13 22:31:38,326] {logging_mixin.py:109} INFO - Running <TaskInstance: data_ingestion_gcs_project_dag-12.format_to_parquet_task scheduled__2022-07-12T00:00:00+00:00 [running]> on host df11d5ff4559
[2022-07-13 22:31:38,477] {taskinstance.py:1426} INFO - Exporting the following env vars:
AIRFLOW_CTX_DAG_OWNER=***
AIRFLOW_CTX_DAG_ID=data_ingestion_gcs_project_dag-12
AIRFLOW_CTX_TASK_ID=format_to_parquet_task
AIRFLOW_CTX_EXECUTION_DATE=2022-07-12T00:00:00+00:00
AIRFLOW_CTX_DAG_RUN_ID=scheduled__2022-07-12T00:00:00+00:00
[2022-07-13 22:31:38,478] {logging_mixin.py:109} INFO - /opt/***/mashlyn/online_retail_II.csv
[2022-07-13 22:31:40,575] {python.py:175} INFO - Done. Returned value was: None
[2022-07-13 22:31:40,613] {taskinstance.py:1277} INFO - Marking task as SUCCESS. dag_id=data_ingestion_gcs_project_dag-12, task_id=format_to_parquet_task, execution_date=20220712T000000, start_date=20220713T223138, end_date=20220713T223140
[2022-07-13 22:31:40,923] {local_task_job.py:154} INFO - Task exited with return code 0
[2022-07-13 22:31:41,079] {local_task_job.py:264} INFO - 0 downstream tasks scheduled from follow-on schedule check
