[2022-07-13 22:34:00,820] {taskinstance.py:1032} INFO - Dependencies all met for <TaskInstance: data_ingestion_gcs_project_dag-12.format_to_parquet_task scheduled__2022-07-12T00:00:00+00:00 [queued]>
[2022-07-13 22:34:00,833] {taskinstance.py:1032} INFO - Dependencies all met for <TaskInstance: data_ingestion_gcs_project_dag-12.format_to_parquet_task scheduled__2022-07-12T00:00:00+00:00 [queued]>
[2022-07-13 22:34:00,833] {taskinstance.py:1238} INFO - 
--------------------------------------------------------------------------------
[2022-07-13 22:34:00,833] {taskinstance.py:1239} INFO - Starting attempt 30 of 33
[2022-07-13 22:34:00,834] {taskinstance.py:1240} INFO - 
--------------------------------------------------------------------------------
[2022-07-13 22:34:00,853] {taskinstance.py:1259} INFO - Executing <Task(PythonOperator): format_to_parquet_task> on 2022-07-12 00:00:00+00:00
[2022-07-13 22:34:00,860] {standard_task_runner.py:52} INFO - Started process 575 to run task
[2022-07-13 22:34:00,869] {standard_task_runner.py:76} INFO - Running: ['***', 'tasks', 'run', 'data_ingestion_gcs_project_dag-12', 'format_to_parquet_task', 'scheduled__2022-07-12T00:00:00+00:00', '--job-id', '140', '--raw', '--subdir', 'DAGS_FOLDER/upload_to_gcs.py', '--cfg-path', '/tmp/tmp42kut98b', '--error-file', '/tmp/tmp55pcc7oi']
[2022-07-13 22:34:00,871] {standard_task_runner.py:77} INFO - Job 140: Subtask format_to_parquet_task
[2022-07-13 22:34:00,953] {logging_mixin.py:109} INFO - Running <TaskInstance: data_ingestion_gcs_project_dag-12.format_to_parquet_task scheduled__2022-07-12T00:00:00+00:00 [running]> on host df11d5ff4559
[2022-07-13 22:34:01,033] {taskinstance.py:1426} INFO - Exporting the following env vars:
AIRFLOW_CTX_DAG_OWNER=***
AIRFLOW_CTX_DAG_ID=data_ingestion_gcs_project_dag-12
AIRFLOW_CTX_TASK_ID=format_to_parquet_task
AIRFLOW_CTX_EXECUTION_DATE=2022-07-12T00:00:00+00:00
AIRFLOW_CTX_DAG_RUN_ID=scheduled__2022-07-12T00:00:00+00:00
[2022-07-13 22:34:01,034] {logging_mixin.py:109} INFO - /opt/***/mashlyn/online_retail_II.csv
[2022-07-13 22:34:01,941] {python.py:175} INFO - Done. Returned value was: None
[2022-07-13 22:34:01,959] {taskinstance.py:1277} INFO - Marking task as SUCCESS. dag_id=data_ingestion_gcs_project_dag-12, task_id=format_to_parquet_task, execution_date=20220712T000000, start_date=20220713T223400, end_date=20220713T223401
[2022-07-13 22:34:02,083] {local_task_job.py:154} INFO - Task exited with return code 0
[2022-07-13 22:34:02,134] {local_task_job.py:264} INFO - 1 downstream tasks scheduled from follow-on schedule check
