[2022-07-13 10:52:34,201] {taskinstance.py:1032} INFO - Dependencies all met for <TaskInstance: data_ingestion_gcs_project_dag-12.format_to_parquet_task scheduled__2022-07-12T00:00:00+00:00 [queued]>
[2022-07-13 10:52:34,213] {taskinstance.py:1032} INFO - Dependencies all met for <TaskInstance: data_ingestion_gcs_project_dag-12.format_to_parquet_task scheduled__2022-07-12T00:00:00+00:00 [queued]>
[2022-07-13 10:52:34,213] {taskinstance.py:1238} INFO - 
--------------------------------------------------------------------------------
[2022-07-13 10:52:34,213] {taskinstance.py:1239} INFO - Starting attempt 8 of 9
[2022-07-13 10:52:34,213] {taskinstance.py:1240} INFO - 
--------------------------------------------------------------------------------
[2022-07-13 10:52:34,228] {taskinstance.py:1259} INFO - Executing <Task(PythonOperator): format_to_parquet_task> on 2022-07-12 00:00:00+00:00
[2022-07-13 10:52:34,235] {standard_task_runner.py:52} INFO - Started process 3470 to run task
[2022-07-13 10:52:34,244] {standard_task_runner.py:76} INFO - Running: ['***', 'tasks', 'run', 'data_ingestion_gcs_project_dag-12', 'format_to_parquet_task', 'scheduled__2022-07-12T00:00:00+00:00', '--job-id', '20', '--raw', '--subdir', 'DAGS_FOLDER/upload_to_gcs.py', '--cfg-path', '/tmp/tmp33yoj9ve', '--error-file', '/tmp/tmpqiw9i6wo']
[2022-07-13 10:52:34,245] {standard_task_runner.py:77} INFO - Job 20: Subtask format_to_parquet_task
[2022-07-13 10:52:34,356] {logging_mixin.py:109} INFO - Running <TaskInstance: data_ingestion_gcs_project_dag-12.format_to_parquet_task scheduled__2022-07-12T00:00:00+00:00 [running]> on host 1baccf4ebc57
[2022-07-13 10:52:34,504] {taskinstance.py:1426} INFO - Exporting the following env vars:
AIRFLOW_CTX_DAG_OWNER=***
AIRFLOW_CTX_DAG_ID=data_ingestion_gcs_project_dag-12
AIRFLOW_CTX_TASK_ID=format_to_parquet_task
AIRFLOW_CTX_EXECUTION_DATE=2022-07-12T00:00:00+00:00
AIRFLOW_CTX_DAG_RUN_ID=scheduled__2022-07-12T00:00:00+00:00
[2022-07-13 10:52:34,506] {logging_mixin.py:109} INFO - /opt/***/mashlyn/online_retail_II.csv
[2022-07-13 10:52:35,460] {python.py:175} INFO - Done. Returned value was: None
[2022-07-13 10:52:35,521] {taskinstance.py:1277} INFO - Marking task as SUCCESS. dag_id=data_ingestion_gcs_project_dag-12, task_id=format_to_parquet_task, execution_date=20220712T000000, start_date=20220713T105234, end_date=20220713T105235
[2022-07-13 10:52:35,909] {local_task_job.py:154} INFO - Task exited with return code 0
[2022-07-13 10:52:35,991] {local_task_job.py:264} INFO - 1 downstream tasks scheduled from follow-on schedule check
