[2022-07-13 09:35:31,921] {taskinstance.py:1032} INFO - Dependencies all met for <TaskInstance: data_ingestion_gcs_project_dag-12.bigquery_external_table_task scheduled__2022-07-12T00:00:00+00:00 [queued]>
[2022-07-13 09:35:31,933] {taskinstance.py:1032} INFO - Dependencies all met for <TaskInstance: data_ingestion_gcs_project_dag-12.bigquery_external_table_task scheduled__2022-07-12T00:00:00+00:00 [queued]>
[2022-07-13 09:35:31,933] {taskinstance.py:1238} INFO - 
--------------------------------------------------------------------------------
[2022-07-13 09:35:31,933] {taskinstance.py:1239} INFO - Starting attempt 1 of 2
[2022-07-13 09:35:31,934] {taskinstance.py:1240} INFO - 
--------------------------------------------------------------------------------
[2022-07-13 09:35:31,950] {taskinstance.py:1259} INFO - Executing <Task(BigQueryCreateExternalTableOperator): bigquery_external_table_task> on 2022-07-12 00:00:00+00:00
[2022-07-13 09:35:31,959] {standard_task_runner.py:52} INFO - Started process 149 to run task
[2022-07-13 09:35:31,970] {standard_task_runner.py:76} INFO - Running: ['***', 'tasks', 'run', 'data_ingestion_gcs_project_dag-12', 'bigquery_external_table_task', 'scheduled__2022-07-12T00:00:00+00:00', '--job-id', '6', '--raw', '--subdir', 'DAGS_FOLDER/upload_to_gcs.py', '--cfg-path', '/tmp/tmpoucl1kz5', '--error-file', '/tmp/tmp3y052s04']
[2022-07-13 09:35:31,971] {standard_task_runner.py:77} INFO - Job 6: Subtask bigquery_external_table_task
[2022-07-13 09:35:32,046] {logging_mixin.py:109} INFO - Running <TaskInstance: data_ingestion_gcs_project_dag-12.bigquery_external_table_task scheduled__2022-07-12T00:00:00+00:00 [running]> on host 1baccf4ebc57
[2022-07-13 09:35:32,119] {taskinstance.py:1426} INFO - Exporting the following env vars:
AIRFLOW_CTX_DAG_OWNER=***
AIRFLOW_CTX_DAG_ID=data_ingestion_gcs_project_dag-12
AIRFLOW_CTX_TASK_ID=bigquery_external_table_task
AIRFLOW_CTX_EXECUTION_DATE=2022-07-12T00:00:00+00:00
AIRFLOW_CTX_DAG_RUN_ID=scheduled__2022-07-12T00:00:00+00:00
[2022-07-13 09:35:32,121] {crypto.py:82} WARNING - empty cryptography key - values will not be stored encrypted.
[2022-07-13 09:35:32,668] {taskinstance.py:1277} INFO - Marking task as SUCCESS. dag_id=data_ingestion_gcs_project_dag-12, task_id=bigquery_external_table_task, execution_date=20220712T000000, start_date=20220713T093531, end_date=20220713T093532
[2022-07-13 09:35:32,707] {local_task_job.py:154} INFO - Task exited with return code 0
[2022-07-13 09:35:32,753] {local_task_job.py:264} INFO - 0 downstream tasks scheduled from follow-on schedule check
