[2022-07-13 20:33:09,283] {taskinstance.py:1032} INFO - Dependencies all met for <TaskInstance: data_ingestion_gcs_project_dag-12.bigquery_external_table_task scheduled__2022-07-12T00:00:00+00:00 [queued]>
[2022-07-13 20:33:09,295] {taskinstance.py:1032} INFO - Dependencies all met for <TaskInstance: data_ingestion_gcs_project_dag-12.bigquery_external_table_task scheduled__2022-07-12T00:00:00+00:00 [queued]>
[2022-07-13 20:33:09,295] {taskinstance.py:1238} INFO - 
--------------------------------------------------------------------------------
[2022-07-13 20:33:09,296] {taskinstance.py:1239} INFO - Starting attempt 4 of 5
[2022-07-13 20:33:09,296] {taskinstance.py:1240} INFO - 
--------------------------------------------------------------------------------
[2022-07-13 20:33:09,308] {taskinstance.py:1259} INFO - Executing <Task(BigQueryCreateExternalTableOperator): bigquery_external_table_task> on 2022-07-12 00:00:00+00:00
[2022-07-13 20:33:09,314] {standard_task_runner.py:52} INFO - Started process 207 to run task
[2022-07-13 20:33:09,319] {standard_task_runner.py:76} INFO - Running: ['***', 'tasks', 'run', 'data_ingestion_gcs_project_dag-12', 'bigquery_external_table_task', 'scheduled__2022-07-12T00:00:00+00:00', '--job-id', '113', '--raw', '--subdir', 'DAGS_FOLDER/upload_to_gcs.py', '--cfg-path', '/tmp/tmp_1uwp465', '--error-file', '/tmp/tmpzmdwcigg']
[2022-07-13 20:33:09,320] {standard_task_runner.py:77} INFO - Job 113: Subtask bigquery_external_table_task
[2022-07-13 20:33:09,408] {logging_mixin.py:109} INFO - Running <TaskInstance: data_ingestion_gcs_project_dag-12.bigquery_external_table_task scheduled__2022-07-12T00:00:00+00:00 [running]> on host 1baccf4ebc57
[2022-07-13 20:33:09,543] {taskinstance.py:1426} INFO - Exporting the following env vars:
AIRFLOW_CTX_DAG_OWNER=***
AIRFLOW_CTX_DAG_ID=data_ingestion_gcs_project_dag-12
AIRFLOW_CTX_TASK_ID=bigquery_external_table_task
AIRFLOW_CTX_EXECUTION_DATE=2022-07-12T00:00:00+00:00
AIRFLOW_CTX_DAG_RUN_ID=scheduled__2022-07-12T00:00:00+00:00
[2022-07-13 20:33:09,545] {crypto.py:82} WARNING - empty cryptography key - values will not be stored encrypted.
[2022-07-13 20:33:10,246] {taskinstance.py:1277} INFO - Marking task as SUCCESS. dag_id=data_ingestion_gcs_project_dag-12, task_id=bigquery_external_table_task, execution_date=20220712T000000, start_date=20220713T203309, end_date=20220713T203310
[2022-07-13 20:33:10,299] {local_task_job.py:154} INFO - Task exited with return code 0
[2022-07-13 20:33:10,344] {local_task_job.py:264} INFO - 0 downstream tasks scheduled from follow-on schedule check
