[2022-07-13 22:31:46,882] {taskinstance.py:1032} INFO - Dependencies all met for <TaskInstance: data_ingestion_gcs_project_dag-12.bigquery_external_table_task scheduled__2022-07-12T00:00:00+00:00 [queued]>
[2022-07-13 22:31:46,893] {taskinstance.py:1032} INFO - Dependencies all met for <TaskInstance: data_ingestion_gcs_project_dag-12.bigquery_external_table_task scheduled__2022-07-12T00:00:00+00:00 [queued]>
[2022-07-13 22:31:46,893] {taskinstance.py:1238} INFO - 
--------------------------------------------------------------------------------
[2022-07-13 22:31:46,894] {taskinstance.py:1239} INFO - Starting attempt 6 of 9
[2022-07-13 22:31:46,894] {taskinstance.py:1240} INFO - 
--------------------------------------------------------------------------------
[2022-07-13 22:31:46,908] {taskinstance.py:1259} INFO - Executing <Task(BigQueryCreateExternalTableOperator): bigquery_external_table_task> on 2022-07-12 00:00:00+00:00
[2022-07-13 22:31:46,914] {standard_task_runner.py:52} INFO - Started process 461 to run task
[2022-07-13 22:31:46,919] {standard_task_runner.py:76} INFO - Running: ['***', 'tasks', 'run', 'data_ingestion_gcs_project_dag-12', 'bigquery_external_table_task', 'scheduled__2022-07-12T00:00:00+00:00', '--job-id', '138', '--raw', '--subdir', 'DAGS_FOLDER/upload_to_gcs.py', '--cfg-path', '/tmp/tmphs1ym2zd', '--error-file', '/tmp/tmpm496ikke']
[2022-07-13 22:31:46,921] {standard_task_runner.py:77} INFO - Job 138: Subtask bigquery_external_table_task
[2022-07-13 22:31:46,996] {logging_mixin.py:109} INFO - Running <TaskInstance: data_ingestion_gcs_project_dag-12.bigquery_external_table_task scheduled__2022-07-12T00:00:00+00:00 [running]> on host df11d5ff4559
[2022-07-13 22:31:47,073] {taskinstance.py:1426} INFO - Exporting the following env vars:
AIRFLOW_CTX_DAG_OWNER=***
AIRFLOW_CTX_DAG_ID=data_ingestion_gcs_project_dag-12
AIRFLOW_CTX_TASK_ID=bigquery_external_table_task
AIRFLOW_CTX_EXECUTION_DATE=2022-07-12T00:00:00+00:00
AIRFLOW_CTX_DAG_RUN_ID=scheduled__2022-07-12T00:00:00+00:00
[2022-07-13 22:31:47,075] {crypto.py:82} WARNING - empty cryptography key - values will not be stored encrypted.
[2022-07-13 22:31:47,663] {taskinstance.py:1277} INFO - Marking task as SUCCESS. dag_id=data_ingestion_gcs_project_dag-12, task_id=bigquery_external_table_task, execution_date=20220712T000000, start_date=20220713T223146, end_date=20220713T223147
[2022-07-13 22:31:47,696] {local_task_job.py:154} INFO - Task exited with return code 0
[2022-07-13 22:31:47,738] {local_task_job.py:264} INFO - 0 downstream tasks scheduled from follow-on schedule check
