[2022-07-13 22:37:46,268] {taskinstance.py:1032} INFO - Dependencies all met for <TaskInstance: data_ingestion_gcs_project_dag-12.bigquery_external_table_task scheduled__2022-07-12T00:00:00+00:00 [queued]>
[2022-07-13 22:37:46,288] {taskinstance.py:1032} INFO - Dependencies all met for <TaskInstance: data_ingestion_gcs_project_dag-12.bigquery_external_table_task scheduled__2022-07-12T00:00:00+00:00 [queued]>
[2022-07-13 22:37:46,289] {taskinstance.py:1238} INFO - 
--------------------------------------------------------------------------------
[2022-07-13 22:37:46,290] {taskinstance.py:1239} INFO - Starting attempt 8 of 11
[2022-07-13 22:37:46,291] {taskinstance.py:1240} INFO - 
--------------------------------------------------------------------------------
[2022-07-13 22:37:46,315] {taskinstance.py:1259} INFO - Executing <Task(BigQueryCreateExternalTableOperator): bigquery_external_table_task> on 2022-07-12 00:00:00+00:00
[2022-07-13 22:37:46,326] {standard_task_runner.py:52} INFO - Started process 740 to run task
[2022-07-13 22:37:46,341] {standard_task_runner.py:76} INFO - Running: ['***', 'tasks', 'run', 'data_ingestion_gcs_project_dag-12', 'bigquery_external_table_task', 'scheduled__2022-07-12T00:00:00+00:00', '--job-id', '143', '--raw', '--subdir', 'DAGS_FOLDER/upload_to_gcs.py', '--cfg-path', '/tmp/tmpopk8hi43', '--error-file', '/tmp/tmp2hzfoblo']
[2022-07-13 22:37:46,343] {standard_task_runner.py:77} INFO - Job 143: Subtask bigquery_external_table_task
[2022-07-13 22:37:46,433] {logging_mixin.py:109} INFO - Running <TaskInstance: data_ingestion_gcs_project_dag-12.bigquery_external_table_task scheduled__2022-07-12T00:00:00+00:00 [running]> on host df11d5ff4559
[2022-07-13 22:37:46,508] {taskinstance.py:1426} INFO - Exporting the following env vars:
AIRFLOW_CTX_DAG_OWNER=***
AIRFLOW_CTX_DAG_ID=data_ingestion_gcs_project_dag-12
AIRFLOW_CTX_TASK_ID=bigquery_external_table_task
AIRFLOW_CTX_EXECUTION_DATE=2022-07-12T00:00:00+00:00
AIRFLOW_CTX_DAG_RUN_ID=scheduled__2022-07-12T00:00:00+00:00
[2022-07-13 22:37:46,510] {crypto.py:82} WARNING - empty cryptography key - values will not be stored encrypted.
[2022-07-13 22:37:47,253] {taskinstance.py:1277} INFO - Marking task as SUCCESS. dag_id=data_ingestion_gcs_project_dag-12, task_id=bigquery_external_table_task, execution_date=20220712T000000, start_date=20220713T223746, end_date=20220713T223747
[2022-07-13 22:37:47,361] {local_task_job.py:154} INFO - Task exited with return code 0
[2022-07-13 22:37:47,408] {local_task_job.py:264} INFO - 0 downstream tasks scheduled from follow-on schedule check
