[2022-07-13 22:41:13,608] {taskinstance.py:1032} INFO - Dependencies all met for <TaskInstance: data_ingestion_gcs_project_dag-12.bigquery_external_table_task scheduled__2022-07-12T00:00:00+00:00 [queued]>
[2022-07-13 22:41:13,621] {taskinstance.py:1032} INFO - Dependencies all met for <TaskInstance: data_ingestion_gcs_project_dag-12.bigquery_external_table_task scheduled__2022-07-12T00:00:00+00:00 [queued]>
[2022-07-13 22:41:13,622] {taskinstance.py:1238} INFO - 
--------------------------------------------------------------------------------
[2022-07-13 22:41:13,622] {taskinstance.py:1239} INFO - Starting attempt 9 of 12
[2022-07-13 22:41:13,622] {taskinstance.py:1240} INFO - 
--------------------------------------------------------------------------------
[2022-07-13 22:41:13,639] {taskinstance.py:1259} INFO - Executing <Task(BigQueryCreateExternalTableOperator): bigquery_external_table_task> on 2022-07-12 00:00:00+00:00
[2022-07-13 22:41:13,646] {standard_task_runner.py:52} INFO - Started process 882 to run task
[2022-07-13 22:41:13,651] {standard_task_runner.py:76} INFO - Running: ['***', 'tasks', 'run', 'data_ingestion_gcs_project_dag-12', 'bigquery_external_table_task', 'scheduled__2022-07-12T00:00:00+00:00', '--job-id', '144', '--raw', '--subdir', 'DAGS_FOLDER/upload_to_gcs.py', '--cfg-path', '/tmp/tmp8lmzxxv4', '--error-file', '/tmp/tmpax7i8y39']
[2022-07-13 22:41:13,652] {standard_task_runner.py:77} INFO - Job 144: Subtask bigquery_external_table_task
[2022-07-13 22:41:13,733] {logging_mixin.py:109} INFO - Running <TaskInstance: data_ingestion_gcs_project_dag-12.bigquery_external_table_task scheduled__2022-07-12T00:00:00+00:00 [running]> on host df11d5ff4559
[2022-07-13 22:41:13,809] {taskinstance.py:1426} INFO - Exporting the following env vars:
AIRFLOW_CTX_DAG_OWNER=***
AIRFLOW_CTX_DAG_ID=data_ingestion_gcs_project_dag-12
AIRFLOW_CTX_TASK_ID=bigquery_external_table_task
AIRFLOW_CTX_EXECUTION_DATE=2022-07-12T00:00:00+00:00
AIRFLOW_CTX_DAG_RUN_ID=scheduled__2022-07-12T00:00:00+00:00
[2022-07-13 22:41:13,810] {crypto.py:82} WARNING - empty cryptography key - values will not be stored encrypted.
[2022-07-13 22:41:14,574] {taskinstance.py:1277} INFO - Marking task as SUCCESS. dag_id=data_ingestion_gcs_project_dag-12, task_id=bigquery_external_table_task, execution_date=20220712T000000, start_date=20220713T224113, end_date=20220713T224114
[2022-07-13 22:41:14,671] {local_task_job.py:154} INFO - Task exited with return code 0
[2022-07-13 22:41:14,722] {local_task_job.py:264} INFO - 0 downstream tasks scheduled from follow-on schedule check
