[2022-07-12 23:34:00,907] {taskinstance.py:1032} INFO - Dependencies all met for <TaskInstance: data_ingestion_gcs_project_dag-12.format_to_parquet_task scheduled__2022-07-11T00:00:00+00:00 [queued]>
[2022-07-12 23:34:00,933] {taskinstance.py:1032} INFO - Dependencies all met for <TaskInstance: data_ingestion_gcs_project_dag-12.format_to_parquet_task scheduled__2022-07-11T00:00:00+00:00 [queued]>
[2022-07-12 23:34:00,935] {taskinstance.py:1238} INFO - 
--------------------------------------------------------------------------------
[2022-07-12 23:34:00,935] {taskinstance.py:1239} INFO - Starting attempt 21 of 22
[2022-07-12 23:34:00,935] {taskinstance.py:1240} INFO - 
--------------------------------------------------------------------------------
[2022-07-12 23:34:00,952] {taskinstance.py:1259} INFO - Executing <Task(PythonOperator): format_to_parquet_task> on 2022-07-11 00:00:00+00:00
[2022-07-12 23:34:00,960] {standard_task_runner.py:52} INFO - Started process 1556 to run task
[2022-07-12 23:34:00,972] {standard_task_runner.py:76} INFO - Running: ['***', 'tasks', 'run', 'data_ingestion_gcs_project_dag-12', 'format_to_parquet_task', 'scheduled__2022-07-11T00:00:00+00:00', '--job-id', '115', '--raw', '--subdir', 'DAGS_FOLDER/upload_to_gcs.py', '--cfg-path', '/tmp/tmpcdl2wh_7', '--error-file', '/tmp/tmph0jzulzc']
[2022-07-12 23:34:00,974] {standard_task_runner.py:77} INFO - Job 115: Subtask format_to_parquet_task
[2022-07-12 23:34:01,103] {logging_mixin.py:109} INFO - Running <TaskInstance: data_ingestion_gcs_project_dag-12.format_to_parquet_task scheduled__2022-07-11T00:00:00+00:00 [running]> on host 71caeb0e3cbd
[2022-07-12 23:34:01,238] {taskinstance.py:1426} INFO - Exporting the following env vars:
AIRFLOW_CTX_DAG_OWNER=***
AIRFLOW_CTX_DAG_ID=data_ingestion_gcs_project_dag-12
AIRFLOW_CTX_TASK_ID=format_to_parquet_task
AIRFLOW_CTX_EXECUTION_DATE=2022-07-11T00:00:00+00:00
AIRFLOW_CTX_DAG_RUN_ID=scheduled__2022-07-11T00:00:00+00:00
[2022-07-12 23:34:01,242] {logging_mixin.py:109} INFO - /opt/***/mashlyn/online_retail_II.csv
[2022-07-12 23:34:06,530] {python.py:175} INFO - Done. Returned value was: None
[2022-07-12 23:34:06,728] {taskinstance.py:1277} INFO - Marking task as SUCCESS. dag_id=data_ingestion_gcs_project_dag-12, task_id=format_to_parquet_task, execution_date=20220711T000000, start_date=20220712T233400, end_date=20220712T233406
[2022-07-12 23:34:07,428] {local_task_job.py:154} INFO - Task exited with return code 0
[2022-07-12 23:34:07,522] {local_task_job.py:264} INFO - 1 downstream tasks scheduled from follow-on schedule check
