[2022-07-12 20:44:39,590] {taskinstance.py:1032} INFO - Dependencies all met for <TaskInstance: data_ingestion_gcs_project_dag-12.format_to_parquet_task scheduled__2022-07-11T00:00:00+00:00 [queued]>
[2022-07-12 20:44:39,608] {taskinstance.py:1032} INFO - Dependencies all met for <TaskInstance: data_ingestion_gcs_project_dag-12.format_to_parquet_task scheduled__2022-07-11T00:00:00+00:00 [queued]>
[2022-07-12 20:44:39,608] {taskinstance.py:1238} INFO - 
--------------------------------------------------------------------------------
[2022-07-12 20:44:39,609] {taskinstance.py:1239} INFO - Starting attempt 3 of 4
[2022-07-12 20:44:39,609] {taskinstance.py:1240} INFO - 
--------------------------------------------------------------------------------
[2022-07-12 20:44:39,630] {taskinstance.py:1259} INFO - Executing <Task(PythonOperator): format_to_parquet_task> on 2022-07-11 00:00:00+00:00
[2022-07-12 20:44:39,639] {standard_task_runner.py:52} INFO - Started process 2097 to run task
[2022-07-12 20:44:39,651] {standard_task_runner.py:76} INFO - Running: ['***', 'tasks', 'run', 'data_ingestion_gcs_project_dag-12', 'format_to_parquet_task', 'scheduled__2022-07-11T00:00:00+00:00', '--job-id', '49', '--raw', '--subdir', 'DAGS_FOLDER/upload_to_gcs.py', '--cfg-path', '/tmp/tmp5ytto4bg', '--error-file', '/tmp/tmpk07a2fmx']
[2022-07-12 20:44:39,652] {standard_task_runner.py:77} INFO - Job 49: Subtask format_to_parquet_task
[2022-07-12 20:44:39,797] {logging_mixin.py:109} INFO - Running <TaskInstance: data_ingestion_gcs_project_dag-12.format_to_parquet_task scheduled__2022-07-11T00:00:00+00:00 [running]> on host b7c97f870ea6
[2022-07-12 20:44:39,890] {taskinstance.py:1426} INFO - Exporting the following env vars:
AIRFLOW_CTX_DAG_OWNER=***
AIRFLOW_CTX_DAG_ID=data_ingestion_gcs_project_dag-12
AIRFLOW_CTX_TASK_ID=format_to_parquet_task
AIRFLOW_CTX_EXECUTION_DATE=2022-07-11T00:00:00+00:00
AIRFLOW_CTX_DAG_RUN_ID=scheduled__2022-07-11T00:00:00+00:00
[2022-07-12 20:44:39,891] {upload_to_gcs.py:40} ERROR - Can only accept source files in CSV format or .csv.zip, for the moment
[2022-07-12 20:44:39,891] {python.py:175} INFO - Done. Returned value was: None
[2022-07-12 20:44:39,932] {taskinstance.py:1277} INFO - Marking task as SUCCESS. dag_id=data_ingestion_gcs_project_dag-12, task_id=format_to_parquet_task, execution_date=20220711T000000, start_date=20220712T204439, end_date=20220712T204439
[2022-07-12 20:44:40,020] {local_task_job.py:154} INFO - Task exited with return code 0
[2022-07-12 20:44:40,097] {local_task_job.py:264} INFO - 1 downstream tasks scheduled from follow-on schedule check
