[2022-07-12 20:53:22,459] {taskinstance.py:1032} INFO - Dependencies all met for <TaskInstance: data_ingestion_gcs_project_dag-12.format_to_parquet_task scheduled__2022-07-11T00:00:00+00:00 [queued]>
[2022-07-12 20:53:22,471] {taskinstance.py:1032} INFO - Dependencies all met for <TaskInstance: data_ingestion_gcs_project_dag-12.format_to_parquet_task scheduled__2022-07-11T00:00:00+00:00 [queued]>
[2022-07-12 20:53:22,471] {taskinstance.py:1238} INFO - 
--------------------------------------------------------------------------------
[2022-07-12 20:53:22,472] {taskinstance.py:1239} INFO - Starting attempt 4 of 5
[2022-07-12 20:53:22,472] {taskinstance.py:1240} INFO - 
--------------------------------------------------------------------------------
[2022-07-12 20:53:22,487] {taskinstance.py:1259} INFO - Executing <Task(PythonOperator): format_to_parquet_task> on 2022-07-11 00:00:00+00:00
[2022-07-12 20:53:22,493] {standard_task_runner.py:52} INFO - Started process 2485 to run task
[2022-07-12 20:53:22,498] {standard_task_runner.py:76} INFO - Running: ['***', 'tasks', 'run', 'data_ingestion_gcs_project_dag-12', 'format_to_parquet_task', 'scheduled__2022-07-11T00:00:00+00:00', '--job-id', '53', '--raw', '--subdir', 'DAGS_FOLDER/upload_to_gcs.py', '--cfg-path', '/tmp/tmpa4txdyvm', '--error-file', '/tmp/tmpa5q6h9qy']
[2022-07-12 20:53:22,499] {standard_task_runner.py:77} INFO - Job 53: Subtask format_to_parquet_task
[2022-07-12 20:53:22,576] {logging_mixin.py:109} INFO - Running <TaskInstance: data_ingestion_gcs_project_dag-12.format_to_parquet_task scheduled__2022-07-11T00:00:00+00:00 [running]> on host b7c97f870ea6
[2022-07-12 20:53:22,647] {taskinstance.py:1426} INFO - Exporting the following env vars:
AIRFLOW_CTX_DAG_OWNER=***
AIRFLOW_CTX_DAG_ID=data_ingestion_gcs_project_dag-12
AIRFLOW_CTX_TASK_ID=format_to_parquet_task
AIRFLOW_CTX_EXECUTION_DATE=2022-07-11T00:00:00+00:00
AIRFLOW_CTX_DAG_RUN_ID=scheduled__2022-07-11T00:00:00+00:00
[2022-07-12 20:53:22,648] {upload_to_gcs.py:45} ERROR - Can only accept source files in CSV format or .csv.zip, for the moment
[2022-07-12 20:53:22,648] {python.py:175} INFO - Done. Returned value was: None
[2022-07-12 20:53:22,665] {taskinstance.py:1277} INFO - Marking task as SUCCESS. dag_id=data_ingestion_gcs_project_dag-12, task_id=format_to_parquet_task, execution_date=20220711T000000, start_date=20220712T205322, end_date=20220712T205322
[2022-07-12 20:53:22,710] {local_task_job.py:154} INFO - Task exited with return code 0
[2022-07-12 20:53:22,761] {local_task_job.py:264} INFO - 1 downstream tasks scheduled from follow-on schedule check
