[2022-07-15 09:54:16,502] {taskinstance.py:1032} INFO - Dependencies all met for <TaskInstance: data_ingestion_gcs_project_dag-13.bigquery_external_table_task scheduled__2022-07-14T00:00:00+00:00 [queued]>
[2022-07-15 09:54:16,513] {taskinstance.py:1032} INFO - Dependencies all met for <TaskInstance: data_ingestion_gcs_project_dag-13.bigquery_external_table_task scheduled__2022-07-14T00:00:00+00:00 [queued]>
[2022-07-15 09:54:16,514] {taskinstance.py:1238} INFO - 
--------------------------------------------------------------------------------
[2022-07-15 09:54:16,514] {taskinstance.py:1239} INFO - Starting attempt 2 of 5
[2022-07-15 09:54:16,514] {taskinstance.py:1240} INFO - 
--------------------------------------------------------------------------------
[2022-07-15 09:54:16,528] {taskinstance.py:1259} INFO - Executing <Task(BigQueryCreateExternalTableOperator): bigquery_external_table_task> on 2022-07-14 00:00:00+00:00
[2022-07-15 09:54:16,534] {standard_task_runner.py:52} INFO - Started process 226 to run task
[2022-07-15 09:54:16,543] {standard_task_runner.py:76} INFO - Running: ['***', 'tasks', 'run', 'data_ingestion_gcs_project_dag-13', 'bigquery_external_table_task', 'scheduled__2022-07-14T00:00:00+00:00', '--job-id', '148', '--raw', '--subdir', 'DAGS_FOLDER/upload_to_bigquery.py', '--cfg-path', '/tmp/tmpbm70q0qa', '--error-file', '/tmp/tmpurb3pb1l']
[2022-07-15 09:54:16,544] {standard_task_runner.py:77} INFO - Job 148: Subtask bigquery_external_table_task
[2022-07-15 09:54:16,620] {logging_mixin.py:109} INFO - Running <TaskInstance: data_ingestion_gcs_project_dag-13.bigquery_external_table_task scheduled__2022-07-14T00:00:00+00:00 [running]> on host df11d5ff4559
[2022-07-15 09:54:16,707] {taskinstance.py:1426} INFO - Exporting the following env vars:
AIRFLOW_CTX_DAG_OWNER=***
AIRFLOW_CTX_DAG_ID=data_ingestion_gcs_project_dag-13
AIRFLOW_CTX_TASK_ID=bigquery_external_table_task
AIRFLOW_CTX_EXECUTION_DATE=2022-07-14T00:00:00+00:00
AIRFLOW_CTX_DAG_RUN_ID=scheduled__2022-07-14T00:00:00+00:00
[2022-07-15 09:54:16,710] {crypto.py:82} WARNING - empty cryptography key - values will not be stored encrypted.
[2022-07-15 09:54:18,581] {taskinstance.py:1277} INFO - Marking task as SUCCESS. dag_id=data_ingestion_gcs_project_dag-13, task_id=bigquery_external_table_task, execution_date=20220714T000000, start_date=20220715T095416, end_date=20220715T095418
[2022-07-15 09:54:18,644] {local_task_job.py:154} INFO - Task exited with return code 0
[2022-07-15 09:54:18,687] {local_task_job.py:264} INFO - 0 downstream tasks scheduled from follow-on schedule check
