[2022-07-13 09:35:28,536] {taskinstance.py:1032} INFO - Dependencies all met for <TaskInstance: data_ingestion_gcs_project_dag-12.local_to_gcs_task scheduled__2022-07-12T00:00:00+00:00 [queued]>
[2022-07-13 09:35:28,564] {taskinstance.py:1032} INFO - Dependencies all met for <TaskInstance: data_ingestion_gcs_project_dag-12.local_to_gcs_task scheduled__2022-07-12T00:00:00+00:00 [queued]>
[2022-07-13 09:35:28,565] {taskinstance.py:1238} INFO - 
--------------------------------------------------------------------------------
[2022-07-13 09:35:28,565] {taskinstance.py:1239} INFO - Starting attempt 1 of 2
[2022-07-13 09:35:28,565] {taskinstance.py:1240} INFO - 
--------------------------------------------------------------------------------
[2022-07-13 09:35:28,580] {taskinstance.py:1259} INFO - Executing <Task(PythonOperator): local_to_gcs_task> on 2022-07-12 00:00:00+00:00
[2022-07-13 09:35:28,587] {standard_task_runner.py:52} INFO - Started process 146 to run task
[2022-07-13 09:35:28,595] {standard_task_runner.py:76} INFO - Running: ['***', 'tasks', 'run', 'data_ingestion_gcs_project_dag-12', 'local_to_gcs_task', 'scheduled__2022-07-12T00:00:00+00:00', '--job-id', '5', '--raw', '--subdir', 'DAGS_FOLDER/upload_to_gcs.py', '--cfg-path', '/tmp/tmp4yhn6ac9', '--error-file', '/tmp/tmp8ej605es']
[2022-07-13 09:35:28,597] {standard_task_runner.py:77} INFO - Job 5: Subtask local_to_gcs_task
[2022-07-13 09:35:28,678] {logging_mixin.py:109} INFO - Running <TaskInstance: data_ingestion_gcs_project_dag-12.local_to_gcs_task scheduled__2022-07-12T00:00:00+00:00 [running]> on host 1baccf4ebc57
[2022-07-13 09:35:28,772] {taskinstance.py:1426} INFO - Exporting the following env vars:
AIRFLOW_CTX_DAG_OWNER=***
AIRFLOW_CTX_DAG_ID=data_ingestion_gcs_project_dag-12
AIRFLOW_CTX_TASK_ID=local_to_gcs_task
AIRFLOW_CTX_EXECUTION_DATE=2022-07-12T00:00:00+00:00
AIRFLOW_CTX_DAG_RUN_ID=scheduled__2022-07-12T00:00:00+00:00
[2022-07-13 09:35:30,523] {python.py:175} INFO - Done. Returned value was: None
[2022-07-13 09:35:30,543] {taskinstance.py:1277} INFO - Marking task as SUCCESS. dag_id=data_ingestion_gcs_project_dag-12, task_id=local_to_gcs_task, execution_date=20220712T000000, start_date=20220713T093528, end_date=20220713T093530
[2022-07-13 09:35:30,590] {local_task_job.py:154} INFO - Task exited with return code 0
[2022-07-13 09:35:30,648] {local_task_job.py:264} INFO - 1 downstream tasks scheduled from follow-on schedule check
