[2022-07-13 10:52:37,926] {taskinstance.py:1032} INFO - Dependencies all met for <TaskInstance: data_ingestion_gcs_project_dag-12.local_to_gcs_task scheduled__2022-07-12T00:00:00+00:00 [queued]>
[2022-07-13 10:52:37,937] {taskinstance.py:1032} INFO - Dependencies all met for <TaskInstance: data_ingestion_gcs_project_dag-12.local_to_gcs_task scheduled__2022-07-12T00:00:00+00:00 [queued]>
[2022-07-13 10:52:37,937] {taskinstance.py:1238} INFO - 
--------------------------------------------------------------------------------
[2022-07-13 10:52:37,938] {taskinstance.py:1239} INFO - Starting attempt 2 of 3
[2022-07-13 10:52:37,938] {taskinstance.py:1240} INFO - 
--------------------------------------------------------------------------------
[2022-07-13 10:52:37,950] {taskinstance.py:1259} INFO - Executing <Task(PythonOperator): local_to_gcs_task> on 2022-07-12 00:00:00+00:00
[2022-07-13 10:52:37,957] {standard_task_runner.py:52} INFO - Started process 3476 to run task
[2022-07-13 10:52:37,963] {standard_task_runner.py:76} INFO - Running: ['***', 'tasks', 'run', 'data_ingestion_gcs_project_dag-12', 'local_to_gcs_task', 'scheduled__2022-07-12T00:00:00+00:00', '--job-id', '21', '--raw', '--subdir', 'DAGS_FOLDER/upload_to_gcs.py', '--cfg-path', '/tmp/tmpi7ywhkwc', '--error-file', '/tmp/tmpph9sf9xg']
[2022-07-13 10:52:37,964] {standard_task_runner.py:77} INFO - Job 21: Subtask local_to_gcs_task
[2022-07-13 10:52:38,039] {logging_mixin.py:109} INFO - Running <TaskInstance: data_ingestion_gcs_project_dag-12.local_to_gcs_task scheduled__2022-07-12T00:00:00+00:00 [running]> on host 1baccf4ebc57
[2022-07-13 10:52:38,110] {taskinstance.py:1426} INFO - Exporting the following env vars:
AIRFLOW_CTX_DAG_OWNER=***
AIRFLOW_CTX_DAG_ID=data_ingestion_gcs_project_dag-12
AIRFLOW_CTX_TASK_ID=local_to_gcs_task
AIRFLOW_CTX_EXECUTION_DATE=2022-07-12T00:00:00+00:00
AIRFLOW_CTX_DAG_RUN_ID=scheduled__2022-07-12T00:00:00+00:00
[2022-07-13 10:52:39,587] {python.py:175} INFO - Done. Returned value was: None
[2022-07-13 10:52:39,638] {taskinstance.py:1277} INFO - Marking task as SUCCESS. dag_id=data_ingestion_gcs_project_dag-12, task_id=local_to_gcs_task, execution_date=20220712T000000, start_date=20220713T105237, end_date=20220713T105239
[2022-07-13 10:52:39,671] {local_task_job.py:154} INFO - Task exited with return code 0
[2022-07-13 10:52:39,723] {local_task_job.py:264} INFO - 1 downstream tasks scheduled from follow-on schedule check
