[2022-07-13 21:09:26,685] {taskinstance.py:1032} INFO - Dependencies all met for <TaskInstance: data_ingestion_gcs_project_dag-12.local_to_gcs_task scheduled__2022-07-12T00:00:00+00:00 [queued]>
[2022-07-13 21:09:26,697] {taskinstance.py:1032} INFO - Dependencies all met for <TaskInstance: data_ingestion_gcs_project_dag-12.local_to_gcs_task scheduled__2022-07-12T00:00:00+00:00 [queued]>
[2022-07-13 21:09:26,698] {taskinstance.py:1238} INFO - 
--------------------------------------------------------------------------------
[2022-07-13 21:09:26,698] {taskinstance.py:1239} INFO - Starting attempt 8 of 9
[2022-07-13 21:09:26,698] {taskinstance.py:1240} INFO - 
--------------------------------------------------------------------------------
[2022-07-13 21:09:26,713] {taskinstance.py:1259} INFO - Executing <Task(PythonOperator): local_to_gcs_task> on 2022-07-12 00:00:00+00:00
[2022-07-13 21:09:26,719] {standard_task_runner.py:52} INFO - Started process 1779 to run task
[2022-07-13 21:09:26,728] {standard_task_runner.py:76} INFO - Running: ['***', 'tasks', 'run', 'data_ingestion_gcs_project_dag-12', 'local_to_gcs_task', 'scheduled__2022-07-12T00:00:00+00:00', '--job-id', '123', '--raw', '--subdir', 'DAGS_FOLDER/upload_to_gcs.py', '--cfg-path', '/tmp/tmpubr7zawg', '--error-file', '/tmp/tmpbk1t08mr']
[2022-07-13 21:09:26,729] {standard_task_runner.py:77} INFO - Job 123: Subtask local_to_gcs_task
[2022-07-13 21:09:26,838] {logging_mixin.py:109} INFO - Running <TaskInstance: data_ingestion_gcs_project_dag-12.local_to_gcs_task scheduled__2022-07-12T00:00:00+00:00 [running]> on host 1baccf4ebc57
[2022-07-13 21:09:26,996] {taskinstance.py:1426} INFO - Exporting the following env vars:
AIRFLOW_CTX_DAG_OWNER=***
AIRFLOW_CTX_DAG_ID=data_ingestion_gcs_project_dag-12
AIRFLOW_CTX_TASK_ID=local_to_gcs_task
AIRFLOW_CTX_EXECUTION_DATE=2022-07-12T00:00:00+00:00
AIRFLOW_CTX_DAG_RUN_ID=scheduled__2022-07-12T00:00:00+00:00
[2022-07-13 21:09:32,686] {python.py:175} INFO - Done. Returned value was: None
[2022-07-13 21:09:32,721] {taskinstance.py:1277} INFO - Marking task as SUCCESS. dag_id=data_ingestion_gcs_project_dag-12, task_id=local_to_gcs_task, execution_date=20220712T000000, start_date=20220713T210926, end_date=20220713T210932
[2022-07-13 21:09:32,789] {local_task_job.py:154} INFO - Task exited with return code 0
[2022-07-13 21:09:32,838] {local_task_job.py:264} INFO - 1 downstream tasks scheduled from follow-on schedule check
