[2022-07-13 22:31:43,075] {taskinstance.py:1032} INFO - Dependencies all met for <TaskInstance: data_ingestion_gcs_project_dag-12.local_to_gcs_task scheduled__2022-07-12T00:00:00+00:00 [queued]>
[2022-07-13 22:31:43,091] {taskinstance.py:1032} INFO - Dependencies all met for <TaskInstance: data_ingestion_gcs_project_dag-12.local_to_gcs_task scheduled__2022-07-12T00:00:00+00:00 [queued]>
[2022-07-13 22:31:43,091] {taskinstance.py:1238} INFO - 
--------------------------------------------------------------------------------
[2022-07-13 22:31:43,092] {taskinstance.py:1239} INFO - Starting attempt 9 of 12
[2022-07-13 22:31:43,092] {taskinstance.py:1240} INFO - 
--------------------------------------------------------------------------------
[2022-07-13 22:31:43,112] {taskinstance.py:1259} INFO - Executing <Task(PythonOperator): local_to_gcs_task> on 2022-07-12 00:00:00+00:00
[2022-07-13 22:31:43,120] {standard_task_runner.py:52} INFO - Started process 458 to run task
[2022-07-13 22:31:43,131] {standard_task_runner.py:76} INFO - Running: ['***', 'tasks', 'run', 'data_ingestion_gcs_project_dag-12', 'local_to_gcs_task', 'scheduled__2022-07-12T00:00:00+00:00', '--job-id', '137', '--raw', '--subdir', 'DAGS_FOLDER/upload_to_gcs.py', '--cfg-path', '/tmp/tmposp6ckvt', '--error-file', '/tmp/tmp7bxz4otc']
[2022-07-13 22:31:43,133] {standard_task_runner.py:77} INFO - Job 137: Subtask local_to_gcs_task
[2022-07-13 22:31:43,209] {logging_mixin.py:109} INFO - Running <TaskInstance: data_ingestion_gcs_project_dag-12.local_to_gcs_task scheduled__2022-07-12T00:00:00+00:00 [running]> on host df11d5ff4559
[2022-07-13 22:31:43,306] {taskinstance.py:1426} INFO - Exporting the following env vars:
AIRFLOW_CTX_DAG_OWNER=***
AIRFLOW_CTX_DAG_ID=data_ingestion_gcs_project_dag-12
AIRFLOW_CTX_TASK_ID=local_to_gcs_task
AIRFLOW_CTX_EXECUTION_DATE=2022-07-12T00:00:00+00:00
AIRFLOW_CTX_DAG_RUN_ID=scheduled__2022-07-12T00:00:00+00:00
[2022-07-13 22:31:44,737] {python.py:175} INFO - Done. Returned value was: None
[2022-07-13 22:31:44,758] {taskinstance.py:1277} INFO - Marking task as SUCCESS. dag_id=data_ingestion_gcs_project_dag-12, task_id=local_to_gcs_task, execution_date=20220712T000000, start_date=20220713T223143, end_date=20220713T223144
[2022-07-13 22:31:44,797] {local_task_job.py:154} INFO - Task exited with return code 0
[2022-07-13 22:31:44,846] {local_task_job.py:264} INFO - 1 downstream tasks scheduled from follow-on schedule check
