[2022-07-12 17:10:43,829] {manager.py:514} INFO - Processing files using up to 2 processes at a time 
[2022-07-12 17:10:43,830] {manager.py:515} INFO - Process each file at most once every 30 seconds
[2022-07-12 17:10:43,830] {manager.py:517} INFO - Checking for new files in /opt/airflow/dags every 300 seconds
[2022-07-12 17:10:43,830] {manager.py:663} INFO - Searching for files in /opt/airflow/dags
[2022-07-12 17:10:43,838] {manager.py:666} INFO - There are 0 files in /opt/airflow/dags
[2022-07-12 17:10:43,944] {manager.py:1065} INFO - Finding 'running' jobs without a recent heartbeat
[2022-07-12 17:10:43,950] {manager.py:1069} INFO - Failing jobs without heartbeat after 2022-07-12 17:05:43.950183+00:00
[2022-07-12 17:10:54,038] {manager.py:1065} INFO - Finding 'running' jobs without a recent heartbeat
[2022-07-12 17:10:54,038] {manager.py:1069} INFO - Failing jobs without heartbeat after 2022-07-12 17:05:54.038929+00:00
[2022-07-12 17:11:04,056] {manager.py:1065} INFO - Finding 'running' jobs without a recent heartbeat
[2022-07-12 17:11:04,057] {manager.py:1069} INFO - Failing jobs without heartbeat after 2022-07-12 17:06:04.057461+00:00
[2022-07-12 17:11:14,085] {manager.py:1065} INFO - Finding 'running' jobs without a recent heartbeat
[2022-07-12 17:11:14,085] {manager.py:1069} INFO - Failing jobs without heartbeat after 2022-07-12 17:06:14.085460+00:00
[2022-07-12 17:11:24,127] {manager.py:1065} INFO - Finding 'running' jobs without a recent heartbeat
[2022-07-12 17:11:24,142] {manager.py:1069} INFO - Failing jobs without heartbeat after 2022-07-12 17:06:24.142626+00:00
[2022-07-12 17:11:34,237] {manager.py:1065} INFO - Finding 'running' jobs without a recent heartbeat
[2022-07-12 17:11:34,238] {manager.py:1069} INFO - Failing jobs without heartbeat after 2022-07-12 17:06:34.238032+00:00
[2022-07-12 17:11:44,276] {manager.py:1065} INFO - Finding 'running' jobs without a recent heartbeat
[2022-07-12 17:11:44,279] {manager.py:1069} INFO - Failing jobs without heartbeat after 2022-07-12 17:06:44.279159+00:00
[2022-07-12 17:11:54,331] {manager.py:1065} INFO - Finding 'running' jobs without a recent heartbeat
[2022-07-12 17:11:54,333] {manager.py:1069} INFO - Failing jobs without heartbeat after 2022-07-12 17:06:54.333327+00:00
[2022-07-12 17:12:04,360] {manager.py:1065} INFO - Finding 'running' jobs without a recent heartbeat
[2022-07-12 17:12:04,362] {manager.py:1069} INFO - Failing jobs without heartbeat after 2022-07-12 17:07:04.361888+00:00
[2022-07-12 17:12:14,404] {manager.py:1065} INFO - Finding 'running' jobs without a recent heartbeat
[2022-07-12 17:12:14,404] {manager.py:1069} INFO - Failing jobs without heartbeat after 2022-07-12 17:07:14.404755+00:00
[2022-07-12 17:12:24,428] {manager.py:1065} INFO - Finding 'running' jobs without a recent heartbeat
[2022-07-12 17:12:24,432] {manager.py:1069} INFO - Failing jobs without heartbeat after 2022-07-12 17:07:24.431896+00:00
[2022-07-12 17:12:34,468] {manager.py:1065} INFO - Finding 'running' jobs without a recent heartbeat
[2022-07-12 17:12:34,468] {manager.py:1069} INFO - Failing jobs without heartbeat after 2022-07-12 17:07:34.468587+00:00
[2022-07-12 17:12:44,489] {manager.py:1065} INFO - Finding 'running' jobs without a recent heartbeat
[2022-07-12 17:12:44,490] {manager.py:1069} INFO - Failing jobs without heartbeat after 2022-07-12 17:07:44.490405+00:00
[2022-07-12 17:12:54,529] {manager.py:1065} INFO - Finding 'running' jobs without a recent heartbeat
[2022-07-12 17:12:54,529] {manager.py:1069} INFO - Failing jobs without heartbeat after 2022-07-12 17:07:54.529883+00:00
[2022-07-12 17:13:04,560] {manager.py:1065} INFO - Finding 'running' jobs without a recent heartbeat
[2022-07-12 17:13:04,562] {manager.py:1069} INFO - Failing jobs without heartbeat after 2022-07-12 17:08:04.562268+00:00
[2022-07-12 17:13:14,594] {manager.py:1065} INFO - Finding 'running' jobs without a recent heartbeat
[2022-07-12 17:13:14,596] {manager.py:1069} INFO - Failing jobs without heartbeat after 2022-07-12 17:08:14.596441+00:00
[2022-07-12 17:13:24,644] {manager.py:1065} INFO - Finding 'running' jobs without a recent heartbeat
[2022-07-12 17:13:24,645] {manager.py:1069} INFO - Failing jobs without heartbeat after 2022-07-12 17:08:24.645101+00:00
[2022-07-12 17:13:34,675] {manager.py:1065} INFO - Finding 'running' jobs without a recent heartbeat
[2022-07-12 17:13:34,675] {manager.py:1069} INFO - Failing jobs without heartbeat after 2022-07-12 17:08:34.675840+00:00
[2022-07-12 17:13:44,706] {manager.py:1065} INFO - Finding 'running' jobs without a recent heartbeat
[2022-07-12 17:13:44,706] {manager.py:1069} INFO - Failing jobs without heartbeat after 2022-07-12 17:08:44.706602+00:00
[2022-07-12 17:13:54,738] {manager.py:1065} INFO - Finding 'running' jobs without a recent heartbeat
[2022-07-12 17:13:54,740] {manager.py:1069} INFO - Failing jobs without heartbeat after 2022-07-12 17:08:54.740556+00:00
[2022-07-12 17:14:04,786] {manager.py:1065} INFO - Finding 'running' jobs without a recent heartbeat
[2022-07-12 17:14:04,786] {manager.py:1069} INFO - Failing jobs without heartbeat after 2022-07-12 17:09:04.786806+00:00
[2022-07-12 17:14:14,821] {manager.py:1065} INFO - Finding 'running' jobs without a recent heartbeat
[2022-07-12 17:14:14,821] {manager.py:1069} INFO - Failing jobs without heartbeat after 2022-07-12 17:09:14.821487+00:00
[2022-07-12 17:14:24,855] {manager.py:1065} INFO - Finding 'running' jobs without a recent heartbeat
[2022-07-12 17:14:24,856] {manager.py:1069} INFO - Failing jobs without heartbeat after 2022-07-12 17:09:24.856345+00:00
[2022-07-12 17:14:34,896] {manager.py:1065} INFO - Finding 'running' jobs without a recent heartbeat
[2022-07-12 17:14:34,897] {manager.py:1069} INFO - Failing jobs without heartbeat after 2022-07-12 17:09:34.897745+00:00
[2022-07-12 17:14:44,932] {manager.py:1065} INFO - Finding 'running' jobs without a recent heartbeat
[2022-07-12 17:14:44,934] {manager.py:1069} INFO - Failing jobs without heartbeat after 2022-07-12 17:09:44.934322+00:00
[2022-07-12 17:14:54,988] {manager.py:1065} INFO - Finding 'running' jobs without a recent heartbeat
[2022-07-12 17:14:54,990] {manager.py:1069} INFO - Failing jobs without heartbeat after 2022-07-12 17:09:54.990180+00:00
[2022-07-12 17:14:59,504] {manager.py:495} INFO - Exiting gracefully upon receiving signal 15
[2022-07-12 17:16:18,771] {manager.py:514} INFO - Processing files using up to 2 processes at a time 
[2022-07-12 17:16:18,780] {manager.py:515} INFO - Process each file at most once every 30 seconds
[2022-07-12 17:16:18,781] {manager.py:517} INFO - Checking for new files in /opt/airflow/dags every 300 seconds
[2022-07-12 17:16:18,781] {manager.py:663} INFO - Searching for files in /opt/airflow/dags
[2022-07-12 17:16:18,785] {manager.py:666} INFO - There are 0 files in /opt/airflow/dags
[2022-07-12 17:16:18,878] {manager.py:1065} INFO - Finding 'running' jobs without a recent heartbeat
[2022-07-12 17:16:18,882] {manager.py:1069} INFO - Failing jobs without heartbeat after 2022-07-12 17:11:18.882180+00:00
[2022-07-12 17:16:28,955] {manager.py:1065} INFO - Finding 'running' jobs without a recent heartbeat
[2022-07-12 17:16:28,956] {manager.py:1069} INFO - Failing jobs without heartbeat after 2022-07-12 17:11:28.956350+00:00
[2022-07-12 17:16:38,983] {manager.py:1065} INFO - Finding 'running' jobs without a recent heartbeat
[2022-07-12 17:16:38,984] {manager.py:1069} INFO - Failing jobs without heartbeat after 2022-07-12 17:11:38.984305+00:00
[2022-07-12 17:16:49,020] {manager.py:1065} INFO - Finding 'running' jobs without a recent heartbeat
[2022-07-12 17:16:49,023] {manager.py:1069} INFO - Failing jobs without heartbeat after 2022-07-12 17:11:49.023570+00:00
[2022-07-12 17:16:59,072] {manager.py:1065} INFO - Finding 'running' jobs without a recent heartbeat
[2022-07-12 17:16:59,074] {manager.py:1069} INFO - Failing jobs without heartbeat after 2022-07-12 17:11:59.074332+00:00
[2022-07-12 17:17:09,120] {manager.py:1065} INFO - Finding 'running' jobs without a recent heartbeat
[2022-07-12 17:17:09,121] {manager.py:1069} INFO - Failing jobs without heartbeat after 2022-07-12 17:12:09.121847+00:00
[2022-07-12 17:17:19,166] {manager.py:1065} INFO - Finding 'running' jobs without a recent heartbeat
[2022-07-12 17:17:19,166] {manager.py:1069} INFO - Failing jobs without heartbeat after 2022-07-12 17:12:19.166738+00:00
[2022-07-12 17:17:29,192] {manager.py:1065} INFO - Finding 'running' jobs without a recent heartbeat
[2022-07-12 17:17:29,192] {manager.py:1069} INFO - Failing jobs without heartbeat after 2022-07-12 17:12:29.192930+00:00
[2022-07-12 17:17:39,219] {manager.py:1065} INFO - Finding 'running' jobs without a recent heartbeat
[2022-07-12 17:17:39,220] {manager.py:1069} INFO - Failing jobs without heartbeat after 2022-07-12 17:12:39.220691+00:00
[2022-07-12 17:17:49,245] {manager.py:1065} INFO - Finding 'running' jobs without a recent heartbeat
[2022-07-12 17:17:49,245] {manager.py:1069} INFO - Failing jobs without heartbeat after 2022-07-12 17:12:49.245898+00:00
[2022-07-12 17:17:59,279] {manager.py:1065} INFO - Finding 'running' jobs without a recent heartbeat
[2022-07-12 17:17:59,280] {manager.py:1069} INFO - Failing jobs without heartbeat after 2022-07-12 17:12:59.280097+00:00
[2022-07-12 17:18:09,306] {manager.py:1065} INFO - Finding 'running' jobs without a recent heartbeat
[2022-07-12 17:18:09,307] {manager.py:1069} INFO - Failing jobs without heartbeat after 2022-07-12 17:13:09.307342+00:00
[2022-07-12 17:18:19,345] {manager.py:1065} INFO - Finding 'running' jobs without a recent heartbeat
[2022-07-12 17:18:19,346] {manager.py:1069} INFO - Failing jobs without heartbeat after 2022-07-12 17:13:19.346124+00:00
[2022-07-12 17:18:20,339] {manager.py:495} INFO - Exiting gracefully upon receiving signal 15
