[2022-07-14 08:47:21,678] {processor.py:163} INFO - Started process (PID=1280) to work on /opt/airflow/dags/upload_to_gcs.py
[2022-07-14 08:47:21,683] {processor.py:642} INFO - Processing file /opt/airflow/dags/upload_to_gcs.py for tasks to queue
[2022-07-14 08:47:21,805] {logging_mixin.py:109} INFO - [2022-07-14 08:47:21,805] {dagbag.py:500} INFO - Filling up the DagBag from /opt/airflow/dags/upload_to_gcs.py
[2022-07-14 08:47:24,817] {processor.py:654} INFO - DAG(s) dict_keys(['data_ingestion_gcs_project_dag-12']) retrieved from /opt/airflow/dags/upload_to_gcs.py
[2022-07-14 08:47:25,365] {logging_mixin.py:109} INFO - [2022-07-14 08:47:25,364] {dag.py:2396} INFO - Sync 1 DAGs
[2022-07-14 08:47:25,398] {logging_mixin.py:109} INFO - [2022-07-14 08:47:25,398] {dag.py:2935} INFO - Setting next_dagrun for data_ingestion_gcs_project_dag-12 to None
[2022-07-14 08:47:25,422] {processor.py:171} INFO - Processing /opt/airflow/dags/upload_to_gcs.py took 3.774 seconds
[2022-07-14 08:47:55,972] {processor.py:163} INFO - Started process (PID=1301) to work on /opt/airflow/dags/upload_to_gcs.py
[2022-07-14 08:47:55,975] {processor.py:642} INFO - Processing file /opt/airflow/dags/upload_to_gcs.py for tasks to queue
[2022-07-14 08:47:55,980] {logging_mixin.py:109} INFO - [2022-07-14 08:47:55,980] {dagbag.py:500} INFO - Filling up the DagBag from /opt/airflow/dags/upload_to_gcs.py
[2022-07-14 08:47:57,522] {processor.py:654} INFO - DAG(s) dict_keys(['data_ingestion_gcs_project_dag-12']) retrieved from /opt/airflow/dags/upload_to_gcs.py
[2022-07-14 08:47:57,536] {logging_mixin.py:109} INFO - [2022-07-14 08:47:57,536] {dag.py:2396} INFO - Sync 1 DAGs
[2022-07-14 08:47:57,560] {logging_mixin.py:109} INFO - [2022-07-14 08:47:57,560] {dag.py:2935} INFO - Setting next_dagrun for data_ingestion_gcs_project_dag-12 to None
[2022-07-14 08:47:57,574] {processor.py:171} INFO - Processing /opt/airflow/dags/upload_to_gcs.py took 1.791 seconds
[2022-07-14 08:48:27,707] {processor.py:163} INFO - Started process (PID=1322) to work on /opt/airflow/dags/upload_to_gcs.py
[2022-07-14 08:48:27,709] {processor.py:642} INFO - Processing file /opt/airflow/dags/upload_to_gcs.py for tasks to queue
[2022-07-14 08:48:27,711] {logging_mixin.py:109} INFO - [2022-07-14 08:48:27,711] {dagbag.py:500} INFO - Filling up the DagBag from /opt/airflow/dags/upload_to_gcs.py
[2022-07-14 08:48:29,232] {processor.py:654} INFO - DAG(s) dict_keys(['data_ingestion_gcs_project_dag-12']) retrieved from /opt/airflow/dags/upload_to_gcs.py
[2022-07-14 08:48:29,268] {logging_mixin.py:109} INFO - [2022-07-14 08:48:29,267] {dag.py:2396} INFO - Sync 1 DAGs
[2022-07-14 08:48:29,317] {logging_mixin.py:109} INFO - [2022-07-14 08:48:29,317] {dag.py:2935} INFO - Setting next_dagrun for data_ingestion_gcs_project_dag-12 to None
[2022-07-14 08:48:29,336] {processor.py:171} INFO - Processing /opt/airflow/dags/upload_to_gcs.py took 1.635 seconds
[2022-07-14 08:48:59,550] {processor.py:163} INFO - Started process (PID=1353) to work on /opt/airflow/dags/upload_to_gcs.py
[2022-07-14 08:48:59,553] {processor.py:642} INFO - Processing file /opt/airflow/dags/upload_to_gcs.py for tasks to queue
[2022-07-14 08:48:59,554] {logging_mixin.py:109} INFO - [2022-07-14 08:48:59,554] {dagbag.py:500} INFO - Filling up the DagBag from /opt/airflow/dags/upload_to_gcs.py
[2022-07-14 08:49:02,616] {processor.py:654} INFO - DAG(s) dict_keys(['data_ingestion_gcs_project_dag-12']) retrieved from /opt/airflow/dags/upload_to_gcs.py
[2022-07-14 08:49:02,647] {logging_mixin.py:109} INFO - [2022-07-14 08:49:02,647] {dag.py:2396} INFO - Sync 1 DAGs
[2022-07-14 08:49:02,713] {logging_mixin.py:109} INFO - [2022-07-14 08:49:02,712] {dag.py:2935} INFO - Setting next_dagrun for data_ingestion_gcs_project_dag-12 to None
[2022-07-14 08:49:02,738] {processor.py:171} INFO - Processing /opt/airflow/dags/upload_to_gcs.py took 3.199 seconds
[2022-07-14 08:49:32,881] {processor.py:163} INFO - Started process (PID=1374) to work on /opt/airflow/dags/upload_to_gcs.py
[2022-07-14 08:49:32,883] {processor.py:642} INFO - Processing file /opt/airflow/dags/upload_to_gcs.py for tasks to queue
[2022-07-14 08:49:32,884] {logging_mixin.py:109} INFO - [2022-07-14 08:49:32,884] {dagbag.py:500} INFO - Filling up the DagBag from /opt/airflow/dags/upload_to_gcs.py
[2022-07-14 08:49:33,804] {processor.py:654} INFO - DAG(s) dict_keys(['data_ingestion_gcs_project_dag-12']) retrieved from /opt/airflow/dags/upload_to_gcs.py
[2022-07-14 08:49:33,821] {logging_mixin.py:109} INFO - [2022-07-14 08:49:33,821] {dag.py:2396} INFO - Sync 1 DAGs
[2022-07-14 08:49:33,846] {logging_mixin.py:109} INFO - [2022-07-14 08:49:33,846] {dag.py:2935} INFO - Setting next_dagrun for data_ingestion_gcs_project_dag-12 to None
[2022-07-14 08:49:33,859] {processor.py:171} INFO - Processing /opt/airflow/dags/upload_to_gcs.py took 0.983 seconds
[2022-07-14 08:50:04,233] {processor.py:163} INFO - Started process (PID=1395) to work on /opt/airflow/dags/upload_to_gcs.py
[2022-07-14 08:50:04,235] {processor.py:642} INFO - Processing file /opt/airflow/dags/upload_to_gcs.py for tasks to queue
[2022-07-14 08:50:04,237] {logging_mixin.py:109} INFO - [2022-07-14 08:50:04,237] {dagbag.py:500} INFO - Filling up the DagBag from /opt/airflow/dags/upload_to_gcs.py
[2022-07-14 08:50:06,533] {processor.py:654} INFO - DAG(s) dict_keys(['data_ingestion_gcs_project_dag-12']) retrieved from /opt/airflow/dags/upload_to_gcs.py
[2022-07-14 08:50:06,548] {logging_mixin.py:109} INFO - [2022-07-14 08:50:06,547] {dag.py:2396} INFO - Sync 1 DAGs
[2022-07-14 08:50:06,568] {logging_mixin.py:109} INFO - [2022-07-14 08:50:06,568] {dag.py:2935} INFO - Setting next_dagrun for data_ingestion_gcs_project_dag-12 to None
[2022-07-14 08:50:06,578] {processor.py:171} INFO - Processing /opt/airflow/dags/upload_to_gcs.py took 2.359 seconds
[2022-07-14 08:50:36,731] {processor.py:163} INFO - Started process (PID=1416) to work on /opt/airflow/dags/upload_to_gcs.py
[2022-07-14 08:50:36,734] {processor.py:642} INFO - Processing file /opt/airflow/dags/upload_to_gcs.py for tasks to queue
[2022-07-14 08:50:36,735] {logging_mixin.py:109} INFO - [2022-07-14 08:50:36,735] {dagbag.py:500} INFO - Filling up the DagBag from /opt/airflow/dags/upload_to_gcs.py
[2022-07-14 08:50:37,681] {processor.py:654} INFO - DAG(s) dict_keys(['data_ingestion_gcs_project_dag-12']) retrieved from /opt/airflow/dags/upload_to_gcs.py
[2022-07-14 08:50:37,690] {logging_mixin.py:109} INFO - [2022-07-14 08:50:37,690] {dag.py:2396} INFO - Sync 1 DAGs
[2022-07-14 08:50:37,706] {logging_mixin.py:109} INFO - [2022-07-14 08:50:37,705] {dag.py:2935} INFO - Setting next_dagrun for data_ingestion_gcs_project_dag-12 to None
[2022-07-14 08:50:37,716] {processor.py:171} INFO - Processing /opt/airflow/dags/upload_to_gcs.py took 0.993 seconds
[2022-07-14 08:51:07,861] {processor.py:163} INFO - Started process (PID=1437) to work on /opt/airflow/dags/upload_to_gcs.py
[2022-07-14 08:51:07,862] {processor.py:642} INFO - Processing file /opt/airflow/dags/upload_to_gcs.py for tasks to queue
[2022-07-14 08:51:07,863] {logging_mixin.py:109} INFO - [2022-07-14 08:51:07,863] {dagbag.py:500} INFO - Filling up the DagBag from /opt/airflow/dags/upload_to_gcs.py
[2022-07-14 08:51:09,426] {processor.py:654} INFO - DAG(s) dict_keys(['data_ingestion_gcs_project_dag-12']) retrieved from /opt/airflow/dags/upload_to_gcs.py
[2022-07-14 08:51:09,447] {logging_mixin.py:109} INFO - [2022-07-14 08:51:09,447] {dag.py:2396} INFO - Sync 1 DAGs
[2022-07-14 08:51:09,474] {logging_mixin.py:109} INFO - [2022-07-14 08:51:09,474] {dag.py:2935} INFO - Setting next_dagrun for data_ingestion_gcs_project_dag-12 to None
[2022-07-14 08:51:09,490] {processor.py:171} INFO - Processing /opt/airflow/dags/upload_to_gcs.py took 1.633 seconds
[2022-07-14 08:51:39,669] {processor.py:163} INFO - Started process (PID=1467) to work on /opt/airflow/dags/upload_to_gcs.py
[2022-07-14 08:51:39,671] {processor.py:642} INFO - Processing file /opt/airflow/dags/upload_to_gcs.py for tasks to queue
[2022-07-14 08:51:39,673] {logging_mixin.py:109} INFO - [2022-07-14 08:51:39,672] {dagbag.py:500} INFO - Filling up the DagBag from /opt/airflow/dags/upload_to_gcs.py
[2022-07-14 08:51:40,429] {processor.py:654} INFO - DAG(s) dict_keys(['data_ingestion_gcs_project_dag-12']) retrieved from /opt/airflow/dags/upload_to_gcs.py
[2022-07-14 08:51:40,439] {logging_mixin.py:109} INFO - [2022-07-14 08:51:40,439] {dag.py:2396} INFO - Sync 1 DAGs
[2022-07-14 08:51:40,456] {logging_mixin.py:109} INFO - [2022-07-14 08:51:40,456] {dag.py:2935} INFO - Setting next_dagrun for data_ingestion_gcs_project_dag-12 to None
[2022-07-14 08:51:40,468] {processor.py:171} INFO - Processing /opt/airflow/dags/upload_to_gcs.py took 0.806 seconds
[2022-07-14 08:52:10,588] {processor.py:163} INFO - Started process (PID=1489) to work on /opt/airflow/dags/upload_to_gcs.py
[2022-07-14 08:52:10,592] {processor.py:642} INFO - Processing file /opt/airflow/dags/upload_to_gcs.py for tasks to queue
[2022-07-14 08:52:10,597] {logging_mixin.py:109} INFO - [2022-07-14 08:52:10,597] {dagbag.py:500} INFO - Filling up the DagBag from /opt/airflow/dags/upload_to_gcs.py
[2022-07-14 08:52:11,418] {processor.py:654} INFO - DAG(s) dict_keys(['data_ingestion_gcs_project_dag-12']) retrieved from /opt/airflow/dags/upload_to_gcs.py
[2022-07-14 08:52:11,428] {logging_mixin.py:109} INFO - [2022-07-14 08:52:11,427] {dag.py:2396} INFO - Sync 1 DAGs
[2022-07-14 08:52:11,444] {logging_mixin.py:109} INFO - [2022-07-14 08:52:11,444] {dag.py:2935} INFO - Setting next_dagrun for data_ingestion_gcs_project_dag-12 to None
[2022-07-14 08:52:11,454] {processor.py:171} INFO - Processing /opt/airflow/dags/upload_to_gcs.py took 0.882 seconds
[2022-07-14 08:52:41,650] {processor.py:163} INFO - Started process (PID=1519) to work on /opt/airflow/dags/upload_to_gcs.py
[2022-07-14 08:52:41,653] {processor.py:642} INFO - Processing file /opt/airflow/dags/upload_to_gcs.py for tasks to queue
[2022-07-14 08:52:41,655] {logging_mixin.py:109} INFO - [2022-07-14 08:52:41,654] {dagbag.py:500} INFO - Filling up the DagBag from /opt/airflow/dags/upload_to_gcs.py
[2022-07-14 08:52:42,388] {processor.py:654} INFO - DAG(s) dict_keys(['data_ingestion_gcs_project_dag-12']) retrieved from /opt/airflow/dags/upload_to_gcs.py
[2022-07-14 08:52:42,397] {logging_mixin.py:109} INFO - [2022-07-14 08:52:42,397] {dag.py:2396} INFO - Sync 1 DAGs
[2022-07-14 08:52:42,414] {logging_mixin.py:109} INFO - [2022-07-14 08:52:42,414] {dag.py:2935} INFO - Setting next_dagrun for data_ingestion_gcs_project_dag-12 to None
[2022-07-14 08:52:42,425] {processor.py:171} INFO - Processing /opt/airflow/dags/upload_to_gcs.py took 0.788 seconds
[2022-07-14 08:53:12,486] {processor.py:163} INFO - Started process (PID=1541) to work on /opt/airflow/dags/upload_to_gcs.py
[2022-07-14 08:53:12,487] {processor.py:642} INFO - Processing file /opt/airflow/dags/upload_to_gcs.py for tasks to queue
[2022-07-14 08:53:12,488] {logging_mixin.py:109} INFO - [2022-07-14 08:53:12,488] {dagbag.py:500} INFO - Filling up the DagBag from /opt/airflow/dags/upload_to_gcs.py
[2022-07-14 08:53:13,335] {processor.py:654} INFO - DAG(s) dict_keys(['data_ingestion_gcs_project_dag-12']) retrieved from /opt/airflow/dags/upload_to_gcs.py
[2022-07-14 08:53:13,349] {logging_mixin.py:109} INFO - [2022-07-14 08:53:13,348] {dag.py:2396} INFO - Sync 1 DAGs
[2022-07-14 08:53:13,376] {logging_mixin.py:109} INFO - [2022-07-14 08:53:13,376] {dag.py:2935} INFO - Setting next_dagrun for data_ingestion_gcs_project_dag-12 to None
[2022-07-14 08:53:13,400] {processor.py:171} INFO - Processing /opt/airflow/dags/upload_to_gcs.py took 0.922 seconds
[2022-07-14 08:53:43,583] {processor.py:163} INFO - Started process (PID=1569) to work on /opt/airflow/dags/upload_to_gcs.py
[2022-07-14 08:53:43,586] {processor.py:642} INFO - Processing file /opt/airflow/dags/upload_to_gcs.py for tasks to queue
[2022-07-14 08:53:43,587] {logging_mixin.py:109} INFO - [2022-07-14 08:53:43,587] {dagbag.py:500} INFO - Filling up the DagBag from /opt/airflow/dags/upload_to_gcs.py
[2022-07-14 08:53:44,357] {processor.py:654} INFO - DAG(s) dict_keys(['data_ingestion_gcs_project_dag-12']) retrieved from /opt/airflow/dags/upload_to_gcs.py
[2022-07-14 08:53:44,367] {logging_mixin.py:109} INFO - [2022-07-14 08:53:44,367] {dag.py:2396} INFO - Sync 1 DAGs
[2022-07-14 08:53:44,383] {logging_mixin.py:109} INFO - [2022-07-14 08:53:44,383] {dag.py:2935} INFO - Setting next_dagrun for data_ingestion_gcs_project_dag-12 to None
[2022-07-14 08:53:44,396] {processor.py:171} INFO - Processing /opt/airflow/dags/upload_to_gcs.py took 0.820 seconds
[2022-07-14 08:54:14,582] {processor.py:163} INFO - Started process (PID=1589) to work on /opt/airflow/dags/upload_to_gcs.py
[2022-07-14 08:54:14,584] {processor.py:642} INFO - Processing file /opt/airflow/dags/upload_to_gcs.py for tasks to queue
[2022-07-14 08:54:14,586] {logging_mixin.py:109} INFO - [2022-07-14 08:54:14,586] {dagbag.py:500} INFO - Filling up the DagBag from /opt/airflow/dags/upload_to_gcs.py
[2022-07-14 08:54:15,278] {processor.py:654} INFO - DAG(s) dict_keys(['data_ingestion_gcs_project_dag-12']) retrieved from /opt/airflow/dags/upload_to_gcs.py
[2022-07-14 08:54:15,288] {logging_mixin.py:109} INFO - [2022-07-14 08:54:15,288] {dag.py:2396} INFO - Sync 1 DAGs
[2022-07-14 08:54:15,303] {logging_mixin.py:109} INFO - [2022-07-14 08:54:15,303] {dag.py:2935} INFO - Setting next_dagrun for data_ingestion_gcs_project_dag-12 to None
[2022-07-14 08:54:15,314] {processor.py:171} INFO - Processing /opt/airflow/dags/upload_to_gcs.py took 0.744 seconds
[2022-07-14 08:54:45,446] {processor.py:163} INFO - Started process (PID=1621) to work on /opt/airflow/dags/upload_to_gcs.py
[2022-07-14 08:54:45,453] {processor.py:642} INFO - Processing file /opt/airflow/dags/upload_to_gcs.py for tasks to queue
[2022-07-14 08:54:45,454] {logging_mixin.py:109} INFO - [2022-07-14 08:54:45,454] {dagbag.py:500} INFO - Filling up the DagBag from /opt/airflow/dags/upload_to_gcs.py
[2022-07-14 08:54:46,862] {processor.py:654} INFO - DAG(s) dict_keys(['data_ingestion_gcs_project_dag-12']) retrieved from /opt/airflow/dags/upload_to_gcs.py
[2022-07-14 08:54:46,873] {logging_mixin.py:109} INFO - [2022-07-14 08:54:46,872] {dag.py:2396} INFO - Sync 1 DAGs
[2022-07-14 08:54:46,888] {logging_mixin.py:109} INFO - [2022-07-14 08:54:46,887] {dag.py:2935} INFO - Setting next_dagrun for data_ingestion_gcs_project_dag-12 to None
[2022-07-14 08:54:46,901] {processor.py:171} INFO - Processing /opt/airflow/dags/upload_to_gcs.py took 1.458 seconds
[2022-07-14 08:55:17,049] {processor.py:163} INFO - Started process (PID=1641) to work on /opt/airflow/dags/upload_to_gcs.py
[2022-07-14 08:55:17,050] {processor.py:642} INFO - Processing file /opt/airflow/dags/upload_to_gcs.py for tasks to queue
[2022-07-14 08:55:17,052] {logging_mixin.py:109} INFO - [2022-07-14 08:55:17,052] {dagbag.py:500} INFO - Filling up the DagBag from /opt/airflow/dags/upload_to_gcs.py
[2022-07-14 08:55:17,749] {processor.py:654} INFO - DAG(s) dict_keys(['data_ingestion_gcs_project_dag-12']) retrieved from /opt/airflow/dags/upload_to_gcs.py
[2022-07-14 08:55:17,760] {logging_mixin.py:109} INFO - [2022-07-14 08:55:17,760] {dag.py:2396} INFO - Sync 1 DAGs
[2022-07-14 08:55:17,776] {logging_mixin.py:109} INFO - [2022-07-14 08:55:17,776] {dag.py:2935} INFO - Setting next_dagrun for data_ingestion_gcs_project_dag-12 to None
[2022-07-14 08:55:17,787] {processor.py:171} INFO - Processing /opt/airflow/dags/upload_to_gcs.py took 0.743 seconds
[2022-07-14 08:55:47,958] {processor.py:163} INFO - Started process (PID=1662) to work on /opt/airflow/dags/upload_to_gcs.py
[2022-07-14 08:55:47,961] {processor.py:642} INFO - Processing file /opt/airflow/dags/upload_to_gcs.py for tasks to queue
[2022-07-14 08:55:47,962] {logging_mixin.py:109} INFO - [2022-07-14 08:55:47,962] {dagbag.py:500} INFO - Filling up the DagBag from /opt/airflow/dags/upload_to_gcs.py
[2022-07-14 08:55:48,680] {processor.py:654} INFO - DAG(s) dict_keys(['data_ingestion_gcs_project_dag-12']) retrieved from /opt/airflow/dags/upload_to_gcs.py
[2022-07-14 08:55:48,691] {logging_mixin.py:109} INFO - [2022-07-14 08:55:48,690] {dag.py:2396} INFO - Sync 1 DAGs
[2022-07-14 08:55:48,711] {logging_mixin.py:109} INFO - [2022-07-14 08:55:48,710] {dag.py:2935} INFO - Setting next_dagrun for data_ingestion_gcs_project_dag-12 to None
[2022-07-14 08:55:48,723] {processor.py:171} INFO - Processing /opt/airflow/dags/upload_to_gcs.py took 0.779 seconds
[2022-07-14 08:56:18,864] {processor.py:163} INFO - Started process (PID=1692) to work on /opt/airflow/dags/upload_to_gcs.py
[2022-07-14 08:56:18,867] {processor.py:642} INFO - Processing file /opt/airflow/dags/upload_to_gcs.py for tasks to queue
[2022-07-14 08:56:18,869] {logging_mixin.py:109} INFO - [2022-07-14 08:56:18,868] {dagbag.py:500} INFO - Filling up the DagBag from /opt/airflow/dags/upload_to_gcs.py
[2022-07-14 08:56:19,582] {processor.py:654} INFO - DAG(s) dict_keys(['data_ingestion_gcs_project_dag-12']) retrieved from /opt/airflow/dags/upload_to_gcs.py
[2022-07-14 08:56:19,593] {logging_mixin.py:109} INFO - [2022-07-14 08:56:19,593] {dag.py:2396} INFO - Sync 1 DAGs
[2022-07-14 08:56:19,616] {logging_mixin.py:109} INFO - [2022-07-14 08:56:19,616] {dag.py:2935} INFO - Setting next_dagrun for data_ingestion_gcs_project_dag-12 to None
[2022-07-14 08:56:19,627] {processor.py:171} INFO - Processing /opt/airflow/dags/upload_to_gcs.py took 0.775 seconds
[2022-07-14 08:56:49,791] {processor.py:163} INFO - Started process (PID=1712) to work on /opt/airflow/dags/upload_to_gcs.py
[2022-07-14 08:56:49,797] {processor.py:642} INFO - Processing file /opt/airflow/dags/upload_to_gcs.py for tasks to queue
[2022-07-14 08:56:49,801] {logging_mixin.py:109} INFO - [2022-07-14 08:56:49,800] {dagbag.py:500} INFO - Filling up the DagBag from /opt/airflow/dags/upload_to_gcs.py
[2022-07-14 08:56:50,778] {processor.py:654} INFO - DAG(s) dict_keys(['data_ingestion_gcs_project_dag-12']) retrieved from /opt/airflow/dags/upload_to_gcs.py
[2022-07-14 08:56:50,793] {logging_mixin.py:109} INFO - [2022-07-14 08:56:50,793] {dag.py:2396} INFO - Sync 1 DAGs
[2022-07-14 08:56:50,816] {logging_mixin.py:109} INFO - [2022-07-14 08:56:50,816] {dag.py:2935} INFO - Setting next_dagrun for data_ingestion_gcs_project_dag-12 to None
[2022-07-14 08:56:50,829] {processor.py:171} INFO - Processing /opt/airflow/dags/upload_to_gcs.py took 1.054 seconds
[2022-07-14 08:57:21,000] {processor.py:163} INFO - Started process (PID=1742) to work on /opt/airflow/dags/upload_to_gcs.py
[2022-07-14 08:57:21,002] {processor.py:642} INFO - Processing file /opt/airflow/dags/upload_to_gcs.py for tasks to queue
[2022-07-14 08:57:21,003] {logging_mixin.py:109} INFO - [2022-07-14 08:57:21,003] {dagbag.py:500} INFO - Filling up the DagBag from /opt/airflow/dags/upload_to_gcs.py
[2022-07-14 08:57:22,067] {processor.py:654} INFO - DAG(s) dict_keys(['data_ingestion_gcs_project_dag-12']) retrieved from /opt/airflow/dags/upload_to_gcs.py
[2022-07-14 08:57:22,088] {logging_mixin.py:109} INFO - [2022-07-14 08:57:22,087] {dag.py:2396} INFO - Sync 1 DAGs
[2022-07-14 08:57:22,120] {logging_mixin.py:109} INFO - [2022-07-14 08:57:22,120] {dag.py:2935} INFO - Setting next_dagrun for data_ingestion_gcs_project_dag-12 to None
[2022-07-14 08:57:22,133] {processor.py:171} INFO - Processing /opt/airflow/dags/upload_to_gcs.py took 1.139 seconds
[2022-07-14 08:57:52,278] {processor.py:163} INFO - Started process (PID=1764) to work on /opt/airflow/dags/upload_to_gcs.py
[2022-07-14 08:57:52,281] {processor.py:642} INFO - Processing file /opt/airflow/dags/upload_to_gcs.py for tasks to queue
[2022-07-14 08:57:52,283] {logging_mixin.py:109} INFO - [2022-07-14 08:57:52,282] {dagbag.py:500} INFO - Filling up the DagBag from /opt/airflow/dags/upload_to_gcs.py
[2022-07-14 08:57:53,163] {processor.py:654} INFO - DAG(s) dict_keys(['data_ingestion_gcs_project_dag-12']) retrieved from /opt/airflow/dags/upload_to_gcs.py
[2022-07-14 08:57:53,181] {logging_mixin.py:109} INFO - [2022-07-14 08:57:53,180] {dag.py:2396} INFO - Sync 1 DAGs
[2022-07-14 08:57:53,197] {logging_mixin.py:109} INFO - [2022-07-14 08:57:53,197] {dag.py:2935} INFO - Setting next_dagrun for data_ingestion_gcs_project_dag-12 to None
[2022-07-14 08:57:53,208] {processor.py:171} INFO - Processing /opt/airflow/dags/upload_to_gcs.py took 0.944 seconds
[2022-07-14 08:58:23,342] {processor.py:163} INFO - Started process (PID=1795) to work on /opt/airflow/dags/upload_to_gcs.py
[2022-07-14 08:58:23,350] {processor.py:642} INFO - Processing file /opt/airflow/dags/upload_to_gcs.py for tasks to queue
[2022-07-14 08:58:23,355] {logging_mixin.py:109} INFO - [2022-07-14 08:58:23,354] {dagbag.py:500} INFO - Filling up the DagBag from /opt/airflow/dags/upload_to_gcs.py
[2022-07-14 08:58:24,069] {processor.py:654} INFO - DAG(s) dict_keys(['data_ingestion_gcs_project_dag-12']) retrieved from /opt/airflow/dags/upload_to_gcs.py
[2022-07-14 08:58:24,078] {logging_mixin.py:109} INFO - [2022-07-14 08:58:24,078] {dag.py:2396} INFO - Sync 1 DAGs
[2022-07-14 08:58:24,093] {logging_mixin.py:109} INFO - [2022-07-14 08:58:24,093] {dag.py:2935} INFO - Setting next_dagrun for data_ingestion_gcs_project_dag-12 to None
[2022-07-14 08:58:24,103] {processor.py:171} INFO - Processing /opt/airflow/dags/upload_to_gcs.py took 0.783 seconds
