[2022-07-18 16:35:07,615] {processor.py:163} INFO - Started process (PID=48) to work on /opt/airflow/dags/upload_to_gcs.py
[2022-07-18 16:35:07,639] {processor.py:642} INFO - Processing file /opt/airflow/dags/upload_to_gcs.py for tasks to queue
[2022-07-18 16:35:07,642] {logging_mixin.py:109} INFO - [2022-07-18 16:35:07,642] {dagbag.py:500} INFO - Filling up the DagBag from /opt/airflow/dags/upload_to_gcs.py
[2022-07-18 16:35:15,776] {processor.py:654} INFO - DAG(s) dict_keys(['data_ingestion_gcs_project_dag-12']) retrieved from /opt/airflow/dags/upload_to_gcs.py
[2022-07-18 16:35:18,193] {logging_mixin.py:109} INFO - [2022-07-18 16:35:18,193] {dag.py:2396} INFO - Sync 1 DAGs
[2022-07-18 16:35:18,319] {logging_mixin.py:109} INFO - [2022-07-18 16:35:18,319] {dag.py:2935} INFO - Setting next_dagrun for data_ingestion_gcs_project_dag-12 to None
[2022-07-18 16:35:18,426] {processor.py:171} INFO - Processing /opt/airflow/dags/upload_to_gcs.py took 10.836 seconds
[2022-07-18 16:35:48,747] {processor.py:163} INFO - Started process (PID=80) to work on /opt/airflow/dags/upload_to_gcs.py
[2022-07-18 16:35:48,755] {processor.py:642} INFO - Processing file /opt/airflow/dags/upload_to_gcs.py for tasks to queue
[2022-07-18 16:35:48,757] {logging_mixin.py:109} INFO - [2022-07-18 16:35:48,757] {dagbag.py:500} INFO - Filling up the DagBag from /opt/airflow/dags/upload_to_gcs.py
[2022-07-18 16:35:51,530] {processor.py:654} INFO - DAG(s) dict_keys(['data_ingestion_gcs_project_dag-12']) retrieved from /opt/airflow/dags/upload_to_gcs.py
[2022-07-18 16:35:51,552] {logging_mixin.py:109} INFO - [2022-07-18 16:35:51,552] {dag.py:2396} INFO - Sync 1 DAGs
[2022-07-18 16:35:51,598] {logging_mixin.py:109} INFO - [2022-07-18 16:35:51,598] {dag.py:2935} INFO - Setting next_dagrun for data_ingestion_gcs_project_dag-12 to None
[2022-07-18 16:35:51,618] {processor.py:171} INFO - Processing /opt/airflow/dags/upload_to_gcs.py took 2.877 seconds
[2022-07-18 16:36:21,750] {processor.py:163} INFO - Started process (PID=104) to work on /opt/airflow/dags/upload_to_gcs.py
[2022-07-18 16:36:21,754] {processor.py:642} INFO - Processing file /opt/airflow/dags/upload_to_gcs.py for tasks to queue
[2022-07-18 16:36:21,757] {logging_mixin.py:109} INFO - [2022-07-18 16:36:21,755] {dagbag.py:500} INFO - Filling up the DagBag from /opt/airflow/dags/upload_to_gcs.py
[2022-07-18 16:36:23,219] {processor.py:654} INFO - DAG(s) dict_keys(['data_ingestion_gcs_project_dag-12']) retrieved from /opt/airflow/dags/upload_to_gcs.py
[2022-07-18 16:36:23,237] {logging_mixin.py:109} INFO - [2022-07-18 16:36:23,237] {dag.py:2396} INFO - Sync 1 DAGs
[2022-07-18 16:36:23,262] {logging_mixin.py:109} INFO - [2022-07-18 16:36:23,262] {dag.py:2935} INFO - Setting next_dagrun for data_ingestion_gcs_project_dag-12 to None
[2022-07-18 16:36:23,274] {processor.py:171} INFO - Processing /opt/airflow/dags/upload_to_gcs.py took 1.532 seconds
