[2022-07-12 21:13:49,000] {taskinstance.py:1032} INFO - Dependencies all met for <TaskInstance: data_ingestion_gcs_project_dag-12.local_to_gcs_task scheduled__2022-07-11T00:00:00+00:00 [queued]>
[2022-07-12 21:13:49,019] {taskinstance.py:1032} INFO - Dependencies all met for <TaskInstance: data_ingestion_gcs_project_dag-12.local_to_gcs_task scheduled__2022-07-11T00:00:00+00:00 [queued]>
[2022-07-12 21:13:49,020] {taskinstance.py:1238} INFO - 
--------------------------------------------------------------------------------
[2022-07-12 21:13:49,020] {taskinstance.py:1239} INFO - Starting attempt 16 of 17
[2022-07-12 21:13:49,020] {taskinstance.py:1240} INFO - 
--------------------------------------------------------------------------------
[2022-07-12 21:13:49,045] {taskinstance.py:1259} INFO - Executing <Task(PythonOperator): local_to_gcs_task> on 2022-07-11 00:00:00+00:00
[2022-07-12 21:13:49,055] {standard_task_runner.py:52} INFO - Started process 3323 to run task
[2022-07-12 21:13:49,068] {standard_task_runner.py:76} INFO - Running: ['***', 'tasks', 'run', 'data_ingestion_gcs_project_dag-12', 'local_to_gcs_task', 'scheduled__2022-07-11T00:00:00+00:00', '--job-id', '63', '--raw', '--subdir', 'DAGS_FOLDER/upload_to_gcs.py', '--cfg-path', '/tmp/tmpt_ymz8gw', '--error-file', '/tmp/tmpfx9dfz0b']
[2022-07-12 21:13:49,070] {standard_task_runner.py:77} INFO - Job 63: Subtask local_to_gcs_task
[2022-07-12 21:13:49,163] {logging_mixin.py:109} INFO - Running <TaskInstance: data_ingestion_gcs_project_dag-12.local_to_gcs_task scheduled__2022-07-11T00:00:00+00:00 [running]> on host b7c97f870ea6
[2022-07-12 21:13:49,280] {taskinstance.py:1426} INFO - Exporting the following env vars:
AIRFLOW_CTX_DAG_OWNER=***
AIRFLOW_CTX_DAG_ID=data_ingestion_gcs_project_dag-12
AIRFLOW_CTX_TASK_ID=local_to_gcs_task
AIRFLOW_CTX_EXECUTION_DATE=2022-07-11T00:00:00+00:00
AIRFLOW_CTX_DAG_RUN_ID=scheduled__2022-07-11T00:00:00+00:00
[2022-07-12 21:13:51,656] {python.py:175} INFO - Done. Returned value was: None
[2022-07-12 21:13:51,681] {taskinstance.py:1277} INFO - Marking task as SUCCESS. dag_id=data_ingestion_gcs_project_dag-12, task_id=local_to_gcs_task, execution_date=20220711T000000, start_date=20220712T211349, end_date=20220712T211351
[2022-07-12 21:13:51,748] {local_task_job.py:154} INFO - Task exited with return code 0
[2022-07-12 21:13:51,813] {local_task_job.py:264} INFO - 0 downstream tasks scheduled from follow-on schedule check
