[2022-07-12 21:17:19,529] {taskinstance.py:1032} INFO - Dependencies all met for <TaskInstance: data_ingestion_gcs_project_dag-12.local_to_gcs_task scheduled__2022-07-11T00:00:00+00:00 [queued]>
[2022-07-12 21:17:19,543] {taskinstance.py:1032} INFO - Dependencies all met for <TaskInstance: data_ingestion_gcs_project_dag-12.local_to_gcs_task scheduled__2022-07-11T00:00:00+00:00 [queued]>
[2022-07-12 21:17:19,544] {taskinstance.py:1238} INFO - 
--------------------------------------------------------------------------------
[2022-07-12 21:17:19,544] {taskinstance.py:1239} INFO - Starting attempt 17 of 18
[2022-07-12 21:17:19,544] {taskinstance.py:1240} INFO - 
--------------------------------------------------------------------------------
[2022-07-12 21:17:19,563] {taskinstance.py:1259} INFO - Executing <Task(PythonOperator): local_to_gcs_task> on 2022-07-11 00:00:00+00:00
[2022-07-12 21:17:19,570] {standard_task_runner.py:52} INFO - Started process 3456 to run task
[2022-07-12 21:17:19,583] {standard_task_runner.py:76} INFO - Running: ['***', 'tasks', 'run', 'data_ingestion_gcs_project_dag-12', 'local_to_gcs_task', 'scheduled__2022-07-11T00:00:00+00:00', '--job-id', '65', '--raw', '--subdir', 'DAGS_FOLDER/upload_to_gcs.py', '--cfg-path', '/tmp/tmpetz02gkx', '--error-file', '/tmp/tmpssxrbwqf']
[2022-07-12 21:17:19,584] {standard_task_runner.py:77} INFO - Job 65: Subtask local_to_gcs_task
[2022-07-12 21:17:19,688] {logging_mixin.py:109} INFO - Running <TaskInstance: data_ingestion_gcs_project_dag-12.local_to_gcs_task scheduled__2022-07-11T00:00:00+00:00 [running]> on host b7c97f870ea6
[2022-07-12 21:17:19,799] {taskinstance.py:1426} INFO - Exporting the following env vars:
AIRFLOW_CTX_DAG_OWNER=***
AIRFLOW_CTX_DAG_ID=data_ingestion_gcs_project_dag-12
AIRFLOW_CTX_TASK_ID=local_to_gcs_task
AIRFLOW_CTX_EXECUTION_DATE=2022-07-11T00:00:00+00:00
AIRFLOW_CTX_DAG_RUN_ID=scheduled__2022-07-11T00:00:00+00:00
[2022-07-12 21:17:22,100] {python.py:175} INFO - Done. Returned value was: None
[2022-07-12 21:17:22,184] {taskinstance.py:1277} INFO - Marking task as SUCCESS. dag_id=data_ingestion_gcs_project_dag-12, task_id=local_to_gcs_task, execution_date=20220711T000000, start_date=20220712T211719, end_date=20220712T211722
[2022-07-12 21:17:22,260] {local_task_job.py:154} INFO - Task exited with return code 0
[2022-07-12 21:17:22,315] {local_task_job.py:264} INFO - 1 downstream tasks scheduled from follow-on schedule check
