[2022-07-12 22:10:31,130] {taskinstance.py:1032} INFO - Dependencies all met for <TaskInstance: data_ingestion_gcs_project_dag-12.local_to_gcs_task scheduled__2022-07-11T00:00:00+00:00 [queued]>
[2022-07-12 22:10:31,159] {taskinstance.py:1032} INFO - Dependencies all met for <TaskInstance: data_ingestion_gcs_project_dag-12.local_to_gcs_task scheduled__2022-07-11T00:00:00+00:00 [queued]>
[2022-07-12 22:10:31,161] {taskinstance.py:1238} INFO - 
--------------------------------------------------------------------------------
[2022-07-12 22:10:31,162] {taskinstance.py:1239} INFO - Starting attempt 18 of 19
[2022-07-12 22:10:31,162] {taskinstance.py:1240} INFO - 
--------------------------------------------------------------------------------
[2022-07-12 22:10:31,185] {taskinstance.py:1259} INFO - Executing <Task(PythonOperator): local_to_gcs_task> on 2022-07-11 00:00:00+00:00
[2022-07-12 22:10:31,200] {standard_task_runner.py:52} INFO - Started process 5801 to run task
[2022-07-12 22:10:31,208] {standard_task_runner.py:76} INFO - Running: ['***', 'tasks', 'run', 'data_ingestion_gcs_project_dag-12', 'local_to_gcs_task', 'scheduled__2022-07-11T00:00:00+00:00', '--job-id', '88', '--raw', '--subdir', 'DAGS_FOLDER/upload_to_gcs.py', '--cfg-path', '/tmp/tmppp8d2yyk', '--error-file', '/tmp/tmp0193k0kg']
[2022-07-12 22:10:31,210] {standard_task_runner.py:77} INFO - Job 88: Subtask local_to_gcs_task
[2022-07-12 22:10:31,404] {logging_mixin.py:109} INFO - Running <TaskInstance: data_ingestion_gcs_project_dag-12.local_to_gcs_task scheduled__2022-07-11T00:00:00+00:00 [running]> on host b7c97f870ea6
[2022-07-12 22:10:31,838] {taskinstance.py:1426} INFO - Exporting the following env vars:
AIRFLOW_CTX_DAG_OWNER=***
AIRFLOW_CTX_DAG_ID=data_ingestion_gcs_project_dag-12
AIRFLOW_CTX_TASK_ID=local_to_gcs_task
AIRFLOW_CTX_EXECUTION_DATE=2022-07-11T00:00:00+00:00
AIRFLOW_CTX_DAG_RUN_ID=scheduled__2022-07-11T00:00:00+00:00
[2022-07-12 22:10:33,987] {python.py:175} INFO - Done. Returned value was: None
[2022-07-12 22:10:34,035] {taskinstance.py:1277} INFO - Marking task as SUCCESS. dag_id=data_ingestion_gcs_project_dag-12, task_id=local_to_gcs_task, execution_date=20220711T000000, start_date=20220712T221031, end_date=20220712T221034
[2022-07-12 22:10:34,290] {local_task_job.py:154} INFO - Task exited with return code 0
[2022-07-12 22:10:34,517] {local_task_job.py:264} INFO - 1 downstream tasks scheduled from follow-on schedule check
