[2022-07-12 22:32:05,338] {taskinstance.py:1032} INFO - Dependencies all met for <TaskInstance: data_ingestion_gcs_project_dag-12.local_to_gcs_task scheduled__2022-07-11T00:00:00+00:00 [queued]>
[2022-07-12 22:32:05,379] {taskinstance.py:1032} INFO - Dependencies all met for <TaskInstance: data_ingestion_gcs_project_dag-12.local_to_gcs_task scheduled__2022-07-11T00:00:00+00:00 [queued]>
[2022-07-12 22:32:05,379] {taskinstance.py:1238} INFO - 
--------------------------------------------------------------------------------
[2022-07-12 22:32:05,380] {taskinstance.py:1239} INFO - Starting attempt 24 of 25
[2022-07-12 22:32:05,380] {taskinstance.py:1240} INFO - 
--------------------------------------------------------------------------------
[2022-07-12 22:32:05,396] {taskinstance.py:1259} INFO - Executing <Task(PythonOperator): local_to_gcs_task> on 2022-07-11 00:00:00+00:00
[2022-07-12 22:32:05,402] {standard_task_runner.py:52} INFO - Started process 6735 to run task
[2022-07-12 22:32:05,407] {standard_task_runner.py:76} INFO - Running: ['***', 'tasks', 'run', 'data_ingestion_gcs_project_dag-12', 'local_to_gcs_task', 'scheduled__2022-07-11T00:00:00+00:00', '--job-id', '99', '--raw', '--subdir', 'DAGS_FOLDER/upload_to_gcs.py', '--cfg-path', '/tmp/tmpbc84hpwy', '--error-file', '/tmp/tmpfc59h6r6']
[2022-07-12 22:32:05,409] {standard_task_runner.py:77} INFO - Job 99: Subtask local_to_gcs_task
[2022-07-12 22:32:05,489] {logging_mixin.py:109} INFO - Running <TaskInstance: data_ingestion_gcs_project_dag-12.local_to_gcs_task scheduled__2022-07-11T00:00:00+00:00 [running]> on host b7c97f870ea6
[2022-07-12 22:32:05,565] {taskinstance.py:1426} INFO - Exporting the following env vars:
AIRFLOW_CTX_DAG_OWNER=***
AIRFLOW_CTX_DAG_ID=data_ingestion_gcs_project_dag-12
AIRFLOW_CTX_TASK_ID=local_to_gcs_task
AIRFLOW_CTX_EXECUTION_DATE=2022-07-11T00:00:00+00:00
AIRFLOW_CTX_DAG_RUN_ID=scheduled__2022-07-11T00:00:00+00:00
[2022-07-12 22:32:07,470] {python.py:175} INFO - Done. Returned value was: None
[2022-07-12 22:32:07,498] {taskinstance.py:1277} INFO - Marking task as SUCCESS. dag_id=data_ingestion_gcs_project_dag-12, task_id=local_to_gcs_task, execution_date=20220711T000000, start_date=20220712T223205, end_date=20220712T223207
[2022-07-12 22:32:07,594] {local_task_job.py:154} INFO - Task exited with return code 0
[2022-07-12 22:32:07,658] {local_task_job.py:264} INFO - 1 downstream tasks scheduled from follow-on schedule check
