[2022-07-12 23:34:10,527] {taskinstance.py:1032} INFO - Dependencies all met for <TaskInstance: data_ingestion_gcs_project_dag-12.local_to_gcs_task scheduled__2022-07-11T00:00:00+00:00 [queued]>
[2022-07-12 23:34:10,544] {taskinstance.py:1032} INFO - Dependencies all met for <TaskInstance: data_ingestion_gcs_project_dag-12.local_to_gcs_task scheduled__2022-07-11T00:00:00+00:00 [queued]>
[2022-07-12 23:34:10,544] {taskinstance.py:1238} INFO - 
--------------------------------------------------------------------------------
[2022-07-12 23:34:10,545] {taskinstance.py:1239} INFO - Starting attempt 31 of 32
[2022-07-12 23:34:10,545] {taskinstance.py:1240} INFO - 
--------------------------------------------------------------------------------
[2022-07-12 23:34:10,568] {taskinstance.py:1259} INFO - Executing <Task(PythonOperator): local_to_gcs_task> on 2022-07-11 00:00:00+00:00
[2022-07-12 23:34:10,575] {standard_task_runner.py:52} INFO - Started process 1571 to run task
[2022-07-12 23:34:10,585] {standard_task_runner.py:76} INFO - Running: ['***', 'tasks', 'run', 'data_ingestion_gcs_project_dag-12', 'local_to_gcs_task', 'scheduled__2022-07-11T00:00:00+00:00', '--job-id', '116', '--raw', '--subdir', 'DAGS_FOLDER/upload_to_gcs.py', '--cfg-path', '/tmp/tmpdeph0okz', '--error-file', '/tmp/tmput4myur8']
[2022-07-12 23:34:10,586] {standard_task_runner.py:77} INFO - Job 116: Subtask local_to_gcs_task
[2022-07-12 23:34:10,700] {logging_mixin.py:109} INFO - Running <TaskInstance: data_ingestion_gcs_project_dag-12.local_to_gcs_task scheduled__2022-07-11T00:00:00+00:00 [running]> on host 71caeb0e3cbd
[2022-07-12 23:34:10,833] {taskinstance.py:1426} INFO - Exporting the following env vars:
AIRFLOW_CTX_DAG_OWNER=***
AIRFLOW_CTX_DAG_ID=data_ingestion_gcs_project_dag-12
AIRFLOW_CTX_TASK_ID=local_to_gcs_task
AIRFLOW_CTX_EXECUTION_DATE=2022-07-11T00:00:00+00:00
AIRFLOW_CTX_DAG_RUN_ID=scheduled__2022-07-11T00:00:00+00:00
[2022-07-12 23:34:12,856] {python.py:175} INFO - Done. Returned value was: None
[2022-07-12 23:34:12,926] {taskinstance.py:1277} INFO - Marking task as SUCCESS. dag_id=data_ingestion_gcs_project_dag-12, task_id=local_to_gcs_task, execution_date=20220711T000000, start_date=20220712T233410, end_date=20220712T233412
[2022-07-12 23:34:12,990] {local_task_job.py:154} INFO - Task exited with return code 0
[2022-07-12 23:34:13,056] {local_task_job.py:264} INFO - 1 downstream tasks scheduled from follow-on schedule check
