[2022-07-12 21:36:02,530] {taskinstance.py:1032} INFO - Dependencies all met for <TaskInstance: data_ingestion_gcs_project_dag-12.download_dataset_task scheduled__2022-07-11T00:00:00+00:00 [queued]>
[2022-07-12 21:36:02,558] {taskinstance.py:1032} INFO - Dependencies all met for <TaskInstance: data_ingestion_gcs_project_dag-12.download_dataset_task scheduled__2022-07-11T00:00:00+00:00 [queued]>
[2022-07-12 21:36:02,558] {taskinstance.py:1238} INFO - 
--------------------------------------------------------------------------------
[2022-07-12 21:36:02,558] {taskinstance.py:1239} INFO - Starting attempt 28 of 29
[2022-07-12 21:36:02,559] {taskinstance.py:1240} INFO - 
--------------------------------------------------------------------------------
[2022-07-12 21:36:02,593] {taskinstance.py:1259} INFO - Executing <Task(BashOperator): download_dataset_task> on 2022-07-11 00:00:00+00:00
[2022-07-12 21:36:02,612] {standard_task_runner.py:52} INFO - Started process 4244 to run task
[2022-07-12 21:36:02,622] {standard_task_runner.py:76} INFO - Running: ['***', 'tasks', 'run', 'data_ingestion_gcs_project_dag-12', 'download_dataset_task', 'scheduled__2022-07-11T00:00:00+00:00', '--job-id', '73', '--raw', '--subdir', 'DAGS_FOLDER/upload_to_gcs.py', '--cfg-path', '/tmp/tmp5jyxh7zy', '--error-file', '/tmp/tmp5himkptm']
[2022-07-12 21:36:02,633] {standard_task_runner.py:77} INFO - Job 73: Subtask download_dataset_task
[2022-07-12 21:36:02,788] {logging_mixin.py:109} INFO - Running <TaskInstance: data_ingestion_gcs_project_dag-12.download_dataset_task scheduled__2022-07-11T00:00:00+00:00 [running]> on host b7c97f870ea6
[2022-07-12 21:36:02,911] {taskinstance.py:1426} INFO - Exporting the following env vars:
AIRFLOW_CTX_DAG_OWNER=***
AIRFLOW_CTX_DAG_ID=data_ingestion_gcs_project_dag-12
AIRFLOW_CTX_TASK_ID=download_dataset_task
AIRFLOW_CTX_EXECUTION_DATE=2022-07-11T00:00:00+00:00
AIRFLOW_CTX_DAG_RUN_ID=scheduled__2022-07-11T00:00:00+00:00
[2022-07-12 21:36:02,912] {subprocess.py:62} INFO - Tmp dir root location: 
 /tmp
[2022-07-12 21:36:02,914] {subprocess.py:74} INFO - Running command: ['bash', '-c', '#!/usr/bin\n\nexport KAGGLE_USERNAME=yusufkamorudeen\nexport KAGGLE_KEY=f9e7d64641f620123ab335c78451fdf4\n\n\ndataset_id=mashlyn/online-retail-ii-uci\ndata_name=online-retail-ii-uci.zip\n\nkaggle datasets download -d $dataset_id -p "/opt/***/$dataset_id"\n\n\n#mv $data_name uk_housing.zip\n\n\n']
[2022-07-12 21:36:02,966] {subprocess.py:85} INFO - Output:
[2022-07-12 21:36:04,004] {subprocess.py:89} INFO - Downloading online-retail-ii-uci.zip to /opt/***/mashlyn/online-retail-ii-uci
[2022-07-12 21:36:05,219] {subprocess.py:89} INFO -   0%|          | 0.00/14.5M [00:00<?, ?B/s]  7%|▋         | 1.00M/14.5M [00:00<00:01, 7.50MB/s] 21%|██        | 3.00M/14.5M [00:00<00:01, 9.96MB/s] 34%|███▍      | 5.00M/14.5M [00:00<00:00, 11.9MB/s] 48%|████▊     | 7.00M/14.5M [00:00<00:00, 12.4MB/s] 62%|██████▏   | 9.00M/14.5M [00:00<00:00, 13.5MB/s] 76%|███████▌  | 11.0M/14.5M [00:00<00:00, 13.3MB/s] 90%|████████▉ | 13.0M/14.5M [00:01<00:00, 13.1MB/s]100%|██████████| 14.5M/14.5M [00:01<00:00, 13.1MB/s]100%|██████████| 14.5M/14.5M [00:01<00:00, 12.5MB/s]
[2022-07-12 21:36:05,220] {subprocess.py:89} INFO - 
[2022-07-12 21:36:05,402] {subprocess.py:93} INFO - Command exited with return code 0
[2022-07-12 21:36:05,444] {taskinstance.py:1277} INFO - Marking task as SUCCESS. dag_id=data_ingestion_gcs_project_dag-12, task_id=download_dataset_task, execution_date=20220711T000000, start_date=20220712T213602, end_date=20220712T213605
[2022-07-12 21:36:05,490] {local_task_job.py:154} INFO - Task exited with return code 0
[2022-07-12 21:36:05,542] {local_task_job.py:264} INFO - 1 downstream tasks scheduled from follow-on schedule check
