[2022-07-12 22:24:10,535] {taskinstance.py:1032} INFO - Dependencies all met for <TaskInstance: data_ingestion_gcs_project_dag-12.download_dataset_task scheduled__2022-07-11T00:00:00+00:00 [queued]>
[2022-07-12 22:24:10,546] {taskinstance.py:1032} INFO - Dependencies all met for <TaskInstance: data_ingestion_gcs_project_dag-12.download_dataset_task scheduled__2022-07-11T00:00:00+00:00 [queued]>
[2022-07-12 22:24:10,547] {taskinstance.py:1238} INFO - 
--------------------------------------------------------------------------------
[2022-07-12 22:24:10,547] {taskinstance.py:1239} INFO - Starting attempt 36 of 37
[2022-07-12 22:24:10,547] {taskinstance.py:1240} INFO - 
--------------------------------------------------------------------------------
[2022-07-12 22:24:10,561] {taskinstance.py:1259} INFO - Executing <Task(BashOperator): download_dataset_task> on 2022-07-11 00:00:00+00:00
[2022-07-12 22:24:10,567] {standard_task_runner.py:52} INFO - Started process 6392 to run task
[2022-07-12 22:24:10,577] {standard_task_runner.py:76} INFO - Running: ['***', 'tasks', 'run', 'data_ingestion_gcs_project_dag-12', 'download_dataset_task', 'scheduled__2022-07-11T00:00:00+00:00', '--job-id', '94', '--raw', '--subdir', 'DAGS_FOLDER/upload_to_gcs.py', '--cfg-path', '/tmp/tmp3_94gcy4', '--error-file', '/tmp/tmppgu9s6az']
[2022-07-12 22:24:10,578] {standard_task_runner.py:77} INFO - Job 94: Subtask download_dataset_task
[2022-07-12 22:24:10,666] {logging_mixin.py:109} INFO - Running <TaskInstance: data_ingestion_gcs_project_dag-12.download_dataset_task scheduled__2022-07-11T00:00:00+00:00 [running]> on host b7c97f870ea6
[2022-07-12 22:24:10,778] {taskinstance.py:1426} INFO - Exporting the following env vars:
AIRFLOW_CTX_DAG_OWNER=***
AIRFLOW_CTX_DAG_ID=data_ingestion_gcs_project_dag-12
AIRFLOW_CTX_TASK_ID=download_dataset_task
AIRFLOW_CTX_EXECUTION_DATE=2022-07-11T00:00:00+00:00
AIRFLOW_CTX_DAG_RUN_ID=scheduled__2022-07-11T00:00:00+00:00
[2022-07-12 22:24:10,783] {subprocess.py:62} INFO - Tmp dir root location: 
 /tmp
[2022-07-12 22:24:10,787] {subprocess.py:74} INFO - Running command: ['bash', '-c', '#!/usr/bin\n\nexport KAGGLE_USERNAME=yusufkamorudeen\nexport KAGGLE_KEY=f9e7d64641f620123ab335c78451fdf4\n\n\n\n\n\ndataset_id=mashlyn\ndata_name=online-retail-ii-uci\n\nkaggle datasets download -d $dataset_id/$data_name --unzip -p "/opt/***/$dataset_id/$dataset_name"\n\n\n\n\n\n#mv $data_name uk_housing.zip\n\n\n']
[2022-07-12 22:24:10,834] {subprocess.py:85} INFO - Output:
[2022-07-12 22:24:11,822] {subprocess.py:89} INFO - Downloading online-retail-ii-uci.zip to /opt/***/mashlyn
[2022-07-12 22:24:14,371] {subprocess.py:89} INFO -   0%|          | 0.00/14.5M [00:00<?, ?B/s]  7%|▋         | 1.00M/14.5M [00:00<00:01, 8.15MB/s] 14%|█▍        | 2.00M/14.5M [00:00<00:01, 9.09MB/s] 28%|██▊       | 4.00M/14.5M [00:00<00:00, 11.3MB/s] 41%|████▏     | 6.00M/14.5M [00:00<00:00, 10.8MB/s] 55%|█████▌    | 8.00M/14.5M [00:00<00:00, 12.8MB/s] 69%|██████▉   | 10.0M/14.5M [00:00<00:00, 13.0MB/s] 83%|████████▎ | 12.0M/14.5M [00:01<00:00, 12.2MB/s] 96%|█████████▋| 14.0M/14.5M [00:01<00:00, 12.0MB/s]100%|██████████| 14.5M/14.5M [00:01<00:00, 11.9MB/s]
[2022-07-12 22:24:14,372] {subprocess.py:89} INFO - 
[2022-07-12 22:24:14,598] {subprocess.py:93} INFO - Command exited with return code 0
[2022-07-12 22:24:14,655] {taskinstance.py:1277} INFO - Marking task as SUCCESS. dag_id=data_ingestion_gcs_project_dag-12, task_id=download_dataset_task, execution_date=20220711T000000, start_date=20220712T222410, end_date=20220712T222414
[2022-07-12 22:24:14,720] {local_task_job.py:154} INFO - Task exited with return code 0
[2022-07-12 22:24:14,813] {local_task_job.py:264} INFO - 1 downstream tasks scheduled from follow-on schedule check
