[2022-07-15 10:11:17,256] {taskinstance.py:1032} INFO - Dependencies all met for <TaskInstance: data_ingestion_gcs_project_dag-14.bigquery_external_table_task scheduled__2022-07-14T00:00:00+00:00 [queued]>
[2022-07-15 10:11:17,299] {taskinstance.py:1032} INFO - Dependencies all met for <TaskInstance: data_ingestion_gcs_project_dag-14.bigquery_external_table_task scheduled__2022-07-14T00:00:00+00:00 [queued]>
[2022-07-15 10:11:17,300] {taskinstance.py:1238} INFO - 
--------------------------------------------------------------------------------
[2022-07-15 10:11:17,301] {taskinstance.py:1239} INFO - Starting attempt 1 of 4
[2022-07-15 10:11:17,301] {taskinstance.py:1240} INFO - 
--------------------------------------------------------------------------------
[2022-07-15 10:11:17,325] {taskinstance.py:1259} INFO - Executing <Task(BigQueryCreateExternalTableOperator): bigquery_external_table_task> on 2022-07-14 00:00:00+00:00
[2022-07-15 10:11:17,332] {standard_task_runner.py:52} INFO - Started process 144 to run task
[2022-07-15 10:11:17,339] {standard_task_runner.py:76} INFO - Running: ['***', 'tasks', 'run', 'data_ingestion_gcs_project_dag-14', 'bigquery_external_table_task', 'scheduled__2022-07-14T00:00:00+00:00', '--job-id', '154', '--raw', '--subdir', 'DAGS_FOLDER/upload_to_bigquery.py', '--cfg-path', '/tmp/tmpnlg_8pza', '--error-file', '/tmp/tmpy88q121q']
[2022-07-15 10:11:17,341] {standard_task_runner.py:77} INFO - Job 154: Subtask bigquery_external_table_task
[2022-07-15 10:11:17,480] {logging_mixin.py:109} INFO - Running <TaskInstance: data_ingestion_gcs_project_dag-14.bigquery_external_table_task scheduled__2022-07-14T00:00:00+00:00 [running]> on host df11d5ff4559
[2022-07-15 10:11:17,671] {taskinstance.py:1426} INFO - Exporting the following env vars:
AIRFLOW_CTX_DAG_OWNER=***
AIRFLOW_CTX_DAG_ID=data_ingestion_gcs_project_dag-14
AIRFLOW_CTX_TASK_ID=bigquery_external_table_task
AIRFLOW_CTX_EXECUTION_DATE=2022-07-14T00:00:00+00:00
AIRFLOW_CTX_DAG_RUN_ID=scheduled__2022-07-14T00:00:00+00:00
[2022-07-15 10:11:17,676] {crypto.py:82} WARNING - empty cryptography key - values will not be stored encrypted.
[2022-07-15 10:11:19,043] {taskinstance.py:1277} INFO - Marking task as SUCCESS. dag_id=data_ingestion_gcs_project_dag-14, task_id=bigquery_external_table_task, execution_date=20220714T000000, start_date=20220715T101117, end_date=20220715T101119
[2022-07-15 10:11:19,124] {local_task_job.py:154} INFO - Task exited with return code 0
[2022-07-15 10:11:19,190] {local_task_job.py:264} INFO - 0 downstream tasks scheduled from follow-on schedule check
