[2022-07-15 13:34:54,311] {taskinstance.py:1032} INFO - Dependencies all met for <TaskInstance: data_ingestion_gcs_project_dag-14.bigquery_external_table_task scheduled__2022-07-14T00:00:00+00:00 [queued]>
[2022-07-15 13:34:54,326] {taskinstance.py:1032} INFO - Dependencies all met for <TaskInstance: data_ingestion_gcs_project_dag-14.bigquery_external_table_task scheduled__2022-07-14T00:00:00+00:00 [queued]>
[2022-07-15 13:34:54,327] {taskinstance.py:1238} INFO - 
--------------------------------------------------------------------------------
[2022-07-15 13:34:54,327] {taskinstance.py:1239} INFO - Starting attempt 2 of 5
[2022-07-15 13:34:54,327] {taskinstance.py:1240} INFO - 
--------------------------------------------------------------------------------
[2022-07-15 13:34:54,352] {taskinstance.py:1259} INFO - Executing <Task(BigQueryCreateExternalTableOperator): bigquery_external_table_task> on 2022-07-14 00:00:00+00:00
[2022-07-15 13:34:54,360] {standard_task_runner.py:52} INFO - Started process 130 to run task
[2022-07-15 13:34:54,374] {standard_task_runner.py:76} INFO - Running: ['***', 'tasks', 'run', 'data_ingestion_gcs_project_dag-14', 'bigquery_external_table_task', 'scheduled__2022-07-14T00:00:00+00:00', '--job-id', '157', '--raw', '--subdir', 'DAGS_FOLDER/upload_to_bigquery.py', '--cfg-path', '/tmp/tmpl89gcfr_', '--error-file', '/tmp/tmpozunv57x']
[2022-07-15 13:34:54,376] {standard_task_runner.py:77} INFO - Job 157: Subtask bigquery_external_table_task
[2022-07-15 13:34:54,481] {logging_mixin.py:109} INFO - Running <TaskInstance: data_ingestion_gcs_project_dag-14.bigquery_external_table_task scheduled__2022-07-14T00:00:00+00:00 [running]> on host df11d5ff4559
[2022-07-15 13:34:54,594] {taskinstance.py:1426} INFO - Exporting the following env vars:
AIRFLOW_CTX_DAG_OWNER=***
AIRFLOW_CTX_DAG_ID=data_ingestion_gcs_project_dag-14
AIRFLOW_CTX_TASK_ID=bigquery_external_table_task
AIRFLOW_CTX_EXECUTION_DATE=2022-07-14T00:00:00+00:00
AIRFLOW_CTX_DAG_RUN_ID=scheduled__2022-07-14T00:00:00+00:00
[2022-07-15 13:34:54,596] {crypto.py:82} WARNING - empty cryptography key - values will not be stored encrypted.
[2022-07-15 13:34:55,429] {taskinstance.py:1277} INFO - Marking task as SUCCESS. dag_id=data_ingestion_gcs_project_dag-14, task_id=bigquery_external_table_task, execution_date=20220714T000000, start_date=20220715T133454, end_date=20220715T133455
[2022-07-15 13:34:55,590] {local_task_job.py:154} INFO - Task exited with return code 0
[2022-07-15 13:34:55,857] {local_task_job.py:264} INFO - 0 downstream tasks scheduled from follow-on schedule check
